ERROR - 2024-05-30 07:52:43 --> mysqli_sql_exception: Unknown column 'created_at' in 'field list' in /home/oem/pk_development/Rohit_Learning/world/system/Database/MySQLi/Connection.php:308
Stack trace:
#0 /home/oem/pk_development/Rohit_Learning/world/system/Database/MySQLi/Connection.php(308): mysqli->query()
#1 /home/oem/pk_development/Rohit_Learning/world/system/Database/BaseConnection.php(722): CodeIgniter\Database\MySQLi\Connection->execute()
#2 /home/oem/pk_development/Rohit_Learning/world/system/Database/BaseConnection.php(636): CodeIgniter\Database\BaseConnection->simpleQuery()
#3 /home/oem/pk_development/Rohit_Learning/world/system/Database/BaseBuilder.php(2325): CodeIgniter\Database\BaseConnection->query()
#4 /home/oem/pk_development/Rohit_Learning/world/system/Model.php(383): CodeIgniter\Database\BaseBuilder->insert()
#5 /home/oem/pk_development/Rohit_Learning/world/system/BaseModel.php(840): CodeIgniter\Model->doInsert()
#6 /home/oem/pk_development/Rohit_Learning/world/system/Model.php(791): CodeIgniter\BaseModel->insert()
#7 /home/oem/pk_development/Rohit_Learning/world/app/Controllers/Auth.php(58): CodeIgniter\Model->insert()
#8 /home/oem/pk_development/Rohit_Learning/world/system/CodeIgniter.php(933): App\Controllers\Auth->processRegister()
#9 /home/oem/pk_development/Rohit_Learning/world/system/CodeIgniter.php(509): CodeIgniter\CodeIgniter->runController()
#10 /home/oem/pk_development/Rohit_Learning/world/system/CodeIgniter.php(355): CodeIgniter\CodeIgniter->handleRequest()
#11 /home/oem/pk_development/Rohit_Learning/world/system/Boot.php(312): CodeIgniter\CodeIgniter->run()
#12 /home/oem/pk_development/Rohit_Learning/world/system/Boot.php(67): CodeIgniter\Boot::runCodeIgniter()
#13 /home/oem/pk_development/Rohit_Learning/world/public/index.php(56): CodeIgniter\Boot::bootWeb()
#14 /home/oem/pk_development/Rohit_Learning/world/system/Commands/Server/rewrite.php(49): require_once('...')
#15 {main}
CRITICAL - 2024-05-30 07:52:43 --> CodeIgniter\Database\Exceptions\DatabaseException: Unknown column 'created_at' in 'field list'
[Method: POST, Route: register]
in SYSTEMPATH/Database/BaseConnection.php on line 676.
 1 SYSTEMPATH/Database/BaseBuilder.php(2325): CodeIgniter\Database\BaseConnection->query()
 2 SYSTEMPATH/Model.php(383): CodeIgniter\Database\BaseBuilder->insert()
 3 SYSTEMPATH/BaseModel.php(840): CodeIgniter\Model->doInsert()
 4 SYSTEMPATH/Model.php(791): CodeIgniter\BaseModel->insert()
 5 APPPATH/Controllers/Auth.php(58): CodeIgniter\Model->insert()
 6 SYSTEMPATH/CodeIgniter.php(933): App\Controllers\Auth->processRegister()
 7 SYSTEMPATH/CodeIgniter.php(509): CodeIgniter\CodeIgniter->runController()
 8 SYSTEMPATH/CodeIgniter.php(355): CodeIgniter\CodeIgniter->handleRequest()
 9 SYSTEMPATH/Boot.php(312): CodeIgniter\CodeIgniter->run()
10 SYSTEMPATH/Boot.php(67): CodeIgniter\Boot::runCodeIgniter()
11 FCPATH/index.php(56): CodeIgniter\Boot::bootWeb()
12 SYSTEMPATH/Commands/Server/rewrite.php(49): require_once('/home/oem/pk_development/Rohit_Learning/world/public/index.php')
CRITICAL - 2024-05-30 07:52:43 --> [Caused by] CodeIgniter\Database\Exceptions\DatabaseException: Unknown column 'created_at' in 'field list'
in SYSTEMPATH/Database/MySQLi/Connection.php on line 313.
 1 SYSTEMPATH/Database/BaseConnection.php(722): CodeIgniter\Database\MySQLi\Connection->execute()
 2 SYSTEMPATH/Database/BaseConnection.php(636): CodeIgniter\Database\BaseConnection->simpleQuery()
 3 SYSTEMPATH/Database/BaseBuilder.php(2325): CodeIgniter\Database\BaseConnection->query()
 4 SYSTEMPATH/Model.php(383): CodeIgniter\Database\BaseBuilder->insert()
 5 SYSTEMPATH/BaseModel.php(840): CodeIgniter\Model->doInsert()
 6 SYSTEMPATH/Model.php(791): CodeIgniter\BaseModel->insert()
 7 APPPATH/Controllers/Auth.php(58): CodeIgniter\Model->insert()
 8 SYSTEMPATH/CodeIgniter.php(933): App\Controllers\Auth->processRegister()
 9 SYSTEMPATH/CodeIgniter.php(509): CodeIgniter\CodeIgniter->runController()
10 SYSTEMPATH/CodeIgniter.php(355): CodeIgniter\CodeIgniter->handleRequest()
11 SYSTEMPATH/Boot.php(312): CodeIgniter\CodeIgniter->run()
12 SYSTEMPATH/Boot.php(67): CodeIgniter\Boot::runCodeIgniter()
13 FCPATH/index.php(56): CodeIgniter\Boot::bootWeb()
14 SYSTEMPATH/Commands/Server/rewrite.php(49): require_once('/home/oem/pk_development/Rohit_Learning/world/public/index.php')
CRITICAL - 2024-05-30 07:52:43 --> [Caused by] mysqli_sql_exception: Unknown column 'created_at' in 'field list'
in SYSTEMPATH/Database/MySQLi/Connection.php on line 308.
 1 SYSTEMPATH/Database/MySQLi/Connection.php(308): mysqli->query()
 2 SYSTEMPATH/Database/BaseConnection.php(722): CodeIgniter\Database\MySQLi\Connection->execute()
 3 SYSTEMPATH/Database/BaseConnection.php(636): CodeIgniter\Database\BaseConnection->simpleQuery()
 4 SYSTEMPATH/Database/BaseBuilder.php(2325): CodeIgniter\Database\BaseConnection->query()
 5 SYSTEMPATH/Model.php(383): CodeIgniter\Database\BaseBuilder->insert()
 6 SYSTEMPATH/BaseModel.php(840): CodeIgniter\Model->doInsert()
 7 SYSTEMPATH/Model.php(791): CodeIgniter\BaseModel->insert()
 8 APPPATH/Controllers/Auth.php(58): CodeIgniter\Model->insert()
 9 SYSTEMPATH/CodeIgniter.php(933): App\Controllers\Auth->processRegister()
10 SYSTEMPATH/CodeIgniter.php(509): CodeIgniter\CodeIgniter->runController()
11 SYSTEMPATH/CodeIgniter.php(355): CodeIgniter\CodeIgniter->handleRequest()
12 SYSTEMPATH/Boot.php(312): CodeIgniter\CodeIgniter->run()
13 SYSTEMPATH/Boot.php(67): CodeIgniter\Boot::runCodeIgniter()
14 FCPATH/index.php(56): CodeIgniter\Boot::bootWeb()
15 SYSTEMPATH/Commands/Server/rewrite.php(49): require_once('/home/oem/pk_development/Rohit_Learning/world/public/index.php')
ERROR - 2024-05-30 07:54:01 --> mysqli_sql_exception: Unknown column 'created_at' in 'field list' in /home/oem/pk_development/Rohit_Learning/world/system/Database/MySQLi/Connection.php:308
Stack trace:
#0 /home/oem/pk_development/Rohit_Learning/world/system/Database/MySQLi/Connection.php(308): mysqli->query()
#1 /home/oem/pk_development/Rohit_Learning/world/system/Database/BaseConnection.php(722): CodeIgniter\Database\MySQLi\Connection->execute()
#2 /home/oem/pk_development/Rohit_Learning/world/system/Database/BaseConnection.php(636): CodeIgniter\Database\BaseConnection->simpleQuery()
#3 /home/oem/pk_development/Rohit_Learning/world/system/Database/BaseBuilder.php(2325): CodeIgniter\Database\BaseConnection->query()
#4 /home/oem/pk_development/Rohit_Learning/world/system/Model.php(383): CodeIgniter\Database\BaseBuilder->insert()
#5 /home/oem/pk_development/Rohit_Learning/world/system/BaseModel.php(840): CodeIgniter\Model->doInsert()
#6 /home/oem/pk_development/Rohit_Learning/world/system/Model.php(791): CodeIgniter\BaseModel->insert()
#7 /home/oem/pk_development/Rohit_Learning/world/app/Controllers/Auth.php(58): CodeIgniter\Model->insert()
#8 /home/oem/pk_development/Rohit_Learning/world/system/CodeIgniter.php(933): App\Controllers\Auth->processRegister()
#9 /home/oem/pk_development/Rohit_Learning/world/system/CodeIgniter.php(509): CodeIgniter\CodeIgniter->runController()
#10 /home/oem/pk_development/Rohit_Learning/world/system/CodeIgniter.php(355): CodeIgniter\CodeIgniter->handleRequest()
#11 /home/oem/pk_development/Rohit_Learning/world/system/Boot.php(312): CodeIgniter\CodeIgniter->run()
#12 /home/oem/pk_development/Rohit_Learning/world/system/Boot.php(67): CodeIgniter\Boot::runCodeIgniter()
#13 /home/oem/pk_development/Rohit_Learning/world/public/index.php(56): CodeIgniter\Boot::bootWeb()
#14 /home/oem/pk_development/Rohit_Learning/world/system/Commands/Server/rewrite.php(49): require_once('...')
#15 {main}
CRITICAL - 2024-05-30 07:54:01 --> CodeIgniter\Database\Exceptions\DatabaseException: Unknown column 'created_at' in 'field list'
[Method: POST, Route: register]
in SYSTEMPATH/Database/BaseConnection.php on line 676.
 1 SYSTEMPATH/Database/BaseBuilder.php(2325): CodeIgniter\Database\BaseConnection->query()
 2 SYSTEMPATH/Model.php(383): CodeIgniter\Database\BaseBuilder->insert()
 3 SYSTEMPATH/BaseModel.php(840): CodeIgniter\Model->doInsert()
 4 SYSTEMPATH/Model.php(791): CodeIgniter\BaseModel->insert()
 5 APPPATH/Controllers/Auth.php(58): CodeIgniter\Model->insert()
 6 SYSTEMPATH/CodeIgniter.php(933): App\Controllers\Auth->processRegister()
 7 SYSTEMPATH/CodeIgniter.php(509): CodeIgniter\CodeIgniter->runController()
 8 SYSTEMPATH/CodeIgniter.php(355): CodeIgniter\CodeIgniter->handleRequest()
 9 SYSTEMPATH/Boot.php(312): CodeIgniter\CodeIgniter->run()
10 SYSTEMPATH/Boot.php(67): CodeIgniter\Boot::runCodeIgniter()
11 FCPATH/index.php(56): CodeIgniter\Boot::bootWeb()
12 SYSTEMPATH/Commands/Server/rewrite.php(49): require_once('/home/oem/pk_development/Rohit_Learning/world/public/index.php')
CRITICAL - 2024-05-30 07:54:01 --> [Caused by] CodeIgniter\Database\Exceptions\DatabaseException: Unknown column 'created_at' in 'field list'
in SYSTEMPATH/Database/MySQLi/Connection.php on line 313.
 1 SYSTEMPATH/Database/BaseConnection.php(722): CodeIgniter\Database\MySQLi\Connection->execute()
 2 SYSTEMPATH/Database/BaseConnection.php(636): CodeIgniter\Database\BaseConnection->simpleQuery()
 3 SYSTEMPATH/Database/BaseBuilder.php(2325): CodeIgniter\Database\BaseConnection->query()
 4 SYSTEMPATH/Model.php(383): CodeIgniter\Database\BaseBuilder->insert()
 5 SYSTEMPATH/BaseModel.php(840): CodeIgniter\Model->doInsert()
 6 SYSTEMPATH/Model.php(791): CodeIgniter\BaseModel->insert()
 7 APPPATH/Controllers/Auth.php(58): CodeIgniter\Model->insert()
 8 SYSTEMPATH/CodeIgniter.php(933): App\Controllers\Auth->processRegister()
 9 SYSTEMPATH/CodeIgniter.php(509): CodeIgniter\CodeIgniter->runController()
10 SYSTEMPATH/CodeIgniter.php(355): CodeIgniter\CodeIgniter->handleRequest()
11 SYSTEMPATH/Boot.php(312): CodeIgniter\CodeIgniter->run()
12 SYSTEMPATH/Boot.php(67): CodeIgniter\Boot::runCodeIgniter()
13 FCPATH/index.php(56): CodeIgniter\Boot::bootWeb()
14 SYSTEMPATH/Commands/Server/rewrite.php(49): require_once('/home/oem/pk_development/Rohit_Learning/world/public/index.php')
CRITICAL - 2024-05-30 07:54:01 --> [Caused by] mysqli_sql_exception: Unknown column 'created_at' in 'field list'
in SYSTEMPATH/Database/MySQLi/Connection.php on line 308.
 1 SYSTEMPATH/Database/MySQLi/Connection.php(308): mysqli->query()
 2 SYSTEMPATH/Database/BaseConnection.php(722): CodeIgniter\Database\MySQLi\Connection->execute()
 3 SYSTEMPATH/Database/BaseConnection.php(636): CodeIgniter\Database\BaseConnection->simpleQuery()
 4 SYSTEMPATH/Database/BaseBuilder.php(2325): CodeIgniter\Database\BaseConnection->query()
 5 SYSTEMPATH/Model.php(383): CodeIgniter\Database\BaseBuilder->insert()
 6 SYSTEMPATH/BaseModel.php(840): CodeIgniter\Model->doInsert()
 7 SYSTEMPATH/Model.php(791): CodeIgniter\BaseModel->insert()
 8 APPPATH/Controllers/Auth.php(58): CodeIgniter\Model->insert()
 9 SYSTEMPATH/CodeIgniter.php(933): App\Controllers\Auth->processRegister()
10 SYSTEMPATH/CodeIgniter.php(509): CodeIgniter\CodeIgniter->runController()
11 SYSTEMPATH/CodeIgniter.php(355): CodeIgniter\CodeIgniter->handleRequest()
12 SYSTEMPATH/Boot.php(312): CodeIgniter\CodeIgniter->run()
13 SYSTEMPATH/Boot.php(67): CodeIgniter\Boot::runCodeIgniter()
14 FCPATH/index.php(56): CodeIgniter\Boot::bootWeb()
15 SYSTEMPATH/Commands/Server/rewrite.php(49): require_once('/home/oem/pk_development/Rohit_Learning/world/public/index.php')
ERROR - 2024-05-30 08:01:20 --> mysqli_sql_exception: Unknown column 'created_at' in 'field list' in /home/oem/pk_development/Rohit_Learning/world/system/Database/MySQLi/Connection.php:308
Stack trace:
#0 /home/oem/pk_development/Rohit_Learning/world/system/Database/MySQLi/Connection.php(308): mysqli->query()
#1 /home/oem/pk_development/Rohit_Learning/world/system/Database/BaseConnection.php(722): CodeIgniter\Database\MySQLi\Connection->execute()
#2 /home/oem/pk_development/Rohit_Learning/world/system/Database/BaseConnection.php(636): CodeIgniter\Database\BaseConnection->simpleQuery()
#3 /home/oem/pk_development/Rohit_Learning/world/system/Database/BaseBuilder.php(2325): CodeIgniter\Database\BaseConnection->query()
#4 /home/oem/pk_development/Rohit_Learning/world/system/Model.php(383): CodeIgniter\Database\BaseBuilder->insert()
#5 /home/oem/pk_development/Rohit_Learning/world/system/BaseModel.php(840): CodeIgniter\Model->doInsert()
#6 /home/oem/pk_development/Rohit_Learning/world/system/Model.php(791): CodeIgniter\BaseModel->insert()
#7 /home/oem/pk_development/Rohit_Learning/world/app/Controllers/Auth.php(104): CodeIgniter\Model->insert()
#8 /home/oem/pk_development/Rohit_Learning/world/system/CodeIgniter.php(933): App\Controllers\Auth->processRegister()
#9 /home/oem/pk_development/Rohit_Learning/world/system/CodeIgniter.php(509): CodeIgniter\CodeIgniter->runController()
#10 /home/oem/pk_development/Rohit_Learning/world/system/CodeIgniter.php(355): CodeIgniter\CodeIgniter->handleRequest()
#11 /home/oem/pk_development/Rohit_Learning/world/system/Boot.php(312): CodeIgniter\CodeIgniter->run()
#12 /home/oem/pk_development/Rohit_Learning/world/system/Boot.php(67): CodeIgniter\Boot::runCodeIgniter()
#13 /home/oem/pk_development/Rohit_Learning/world/public/index.php(56): CodeIgniter\Boot::bootWeb()
#14 /home/oem/pk_development/Rohit_Learning/world/system/Commands/Server/rewrite.php(49): require_once('...')
#15 {main}
CRITICAL - 2024-05-30 08:01:20 --> CodeIgniter\Database\Exceptions\DatabaseException: Unknown column 'created_at' in 'field list'
[Method: POST, Route: register]
in SYSTEMPATH/Database/BaseConnection.php on line 676.
 1 SYSTEMPATH/Database/BaseBuilder.php(2325): CodeIgniter\Database\BaseConnection->query()
 2 SYSTEMPATH/Model.php(383): CodeIgniter\Database\BaseBuilder->insert()
 3 SYSTEMPATH/BaseModel.php(840): CodeIgniter\Model->doInsert()
 4 SYSTEMPATH/Model.php(791): CodeIgniter\BaseModel->insert()
 5 APPPATH/Controllers/Auth.php(104): CodeIgniter\Model->insert()
 6 SYSTEMPATH/CodeIgniter.php(933): App\Controllers\Auth->processRegister()
 7 SYSTEMPATH/CodeIgniter.php(509): CodeIgniter\CodeIgniter->runController()
 8 SYSTEMPATH/CodeIgniter.php(355): CodeIgniter\CodeIgniter->handleRequest()
 9 SYSTEMPATH/Boot.php(312): CodeIgniter\CodeIgniter->run()
10 SYSTEMPATH/Boot.php(67): CodeIgniter\Boot::runCodeIgniter()
11 FCPATH/index.php(56): CodeIgniter\Boot::bootWeb()
12 SYSTEMPATH/Commands/Server/rewrite.php(49): require_once('/home/oem/pk_development/Rohit_Learning/world/public/index.php')
CRITICAL - 2024-05-30 08:01:20 --> [Caused by] CodeIgniter\Database\Exceptions\DatabaseException: Unknown column 'created_at' in 'field list'
in SYSTEMPATH/Database/MySQLi/Connection.php on line 313.
 1 SYSTEMPATH/Database/BaseConnection.php(722): CodeIgniter\Database\MySQLi\Connection->execute()
 2 SYSTEMPATH/Database/BaseConnection.php(636): CodeIgniter\Database\BaseConnection->simpleQuery()
 3 SYSTEMPATH/Database/BaseBuilder.php(2325): CodeIgniter\Database\BaseConnection->query()
 4 SYSTEMPATH/Model.php(383): CodeIgniter\Database\BaseBuilder->insert()
 5 SYSTEMPATH/BaseModel.php(840): CodeIgniter\Model->doInsert()
 6 SYSTEMPATH/Model.php(791): CodeIgniter\BaseModel->insert()
 7 APPPATH/Controllers/Auth.php(104): CodeIgniter\Model->insert()
 8 SYSTEMPATH/CodeIgniter.php(933): App\Controllers\Auth->processRegister()
 9 SYSTEMPATH/CodeIgniter.php(509): CodeIgniter\CodeIgniter->runController()
10 SYSTEMPATH/CodeIgniter.php(355): CodeIgniter\CodeIgniter->handleRequest()
11 SYSTEMPATH/Boot.php(312): CodeIgniter\CodeIgniter->run()
12 SYSTEMPATH/Boot.php(67): CodeIgniter\Boot::runCodeIgniter()
13 FCPATH/index.php(56): CodeIgniter\Boot::bootWeb()
14 SYSTEMPATH/Commands/Server/rewrite.php(49): require_once('/home/oem/pk_development/Rohit_Learning/world/public/index.php')
CRITICAL - 2024-05-30 08:01:20 --> [Caused by] mysqli_sql_exception: Unknown column 'created_at' in 'field list'
in SYSTEMPATH/Database/MySQLi/Connection.php on line 308.
 1 SYSTEMPATH/Database/MySQLi/Connection.php(308): mysqli->query()
 2 SYSTEMPATH/Database/BaseConnection.php(722): CodeIgniter\Database\MySQLi\Connection->execute()
 3 SYSTEMPATH/Database/BaseConnection.php(636): CodeIgniter\Database\BaseConnection->simpleQuery()
 4 SYSTEMPATH/Database/BaseBuilder.php(2325): CodeIgniter\Database\BaseConnection->query()
 5 SYSTEMPATH/Model.php(383): CodeIgniter\Database\BaseBuilder->insert()
 6 SYSTEMPATH/BaseModel.php(840): CodeIgniter\Model->doInsert()
 7 SYSTEMPATH/Model.php(791): CodeIgniter\BaseModel->insert()
 8 APPPATH/Controllers/Auth.php(104): CodeIgniter\Model->insert()
 9 SYSTEMPATH/CodeIgniter.php(933): App\Controllers\Auth->processRegister()
10 SYSTEMPATH/CodeIgniter.php(509): CodeIgniter\CodeIgniter->runController()
11 SYSTEMPATH/CodeIgniter.php(355): CodeIgniter\CodeIgniter->handleRequest()
12 SYSTEMPATH/Boot.php(312): CodeIgniter\CodeIgniter->run()
13 SYSTEMPATH/Boot.php(67): CodeIgniter\Boot::runCodeIgniter()
14 FCPATH/index.php(56): CodeIgniter\Boot::bootWeb()
15 SYSTEMPATH/Commands/Server/rewrite.php(49): require_once('/home/oem/pk_development/Rohit_Learning/world/public/index.php')
ERROR - 2024-05-30 08:25:22 --> mysqli_sql_exception: Unknown column 'created_at' in 'field list' in /home/oem/pk_development/Rohit_Learning/world/system/Database/MySQLi/Connection.php:308
Stack trace:
#0 /home/oem/pk_development/Rohit_Learning/world/system/Database/MySQLi/Connection.php(308): mysqli->query()
#1 /home/oem/pk_development/Rohit_Learning/world/system/Database/BaseConnection.php(722): CodeIgniter\Database\MySQLi\Connection->execute()
#2 /home/oem/pk_development/Rohit_Learning/world/system/Database/BaseConnection.php(636): CodeIgniter\Database\BaseConnection->simpleQuery()
#3 /home/oem/pk_development/Rohit_Learning/world/system/Database/BaseBuilder.php(2325): CodeIgniter\Database\BaseConnection->query()
#4 /home/oem/pk_development/Rohit_Learning/world/system/Model.php(383): CodeIgniter\Database\BaseBuilder->insert()
#5 /home/oem/pk_development/Rohit_Learning/world/system/BaseModel.php(840): CodeIgniter\Model->doInsert()
#6 /home/oem/pk_development/Rohit_Learning/world/system/Model.php(791): CodeIgniter\BaseModel->insert()
#7 /home/oem/pk_development/Rohit_Learning/world/app/Controllers/Auth.php(63): CodeIgniter\Model->insert()
#8 /home/oem/pk_development/Rohit_Learning/world/system/CodeIgniter.php(933): App\Controllers\Auth->processRegister()
#9 /home/oem/pk_development/Rohit_Learning/world/system/CodeIgniter.php(509): CodeIgniter\CodeIgniter->runController()
#10 /home/oem/pk_development/Rohit_Learning/world/system/CodeIgniter.php(355): CodeIgniter\CodeIgniter->handleRequest()
#11 /home/oem/pk_development/Rohit_Learning/world/system/Boot.php(312): CodeIgniter\CodeIgniter->run()
#12 /home/oem/pk_development/Rohit_Learning/world/system/Boot.php(67): CodeIgniter\Boot::runCodeIgniter()
#13 /home/oem/pk_development/Rohit_Learning/world/public/index.php(56): CodeIgniter\Boot::bootWeb()
#14 /home/oem/pk_development/Rohit_Learning/world/system/Commands/Server/rewrite.php(49): require_once('...')
#15 {main}
CRITICAL - 2024-05-30 08:25:22 --> CodeIgniter\Database\Exceptions\DatabaseException: Unknown column 'created_at' in 'field list'
[Method: POST, Route: register]
in SYSTEMPATH/Database/BaseConnection.php on line 676.
 1 SYSTEMPATH/Database/BaseBuilder.php(2325): CodeIgniter\Database\BaseConnection->query()
 2 SYSTEMPATH/Model.php(383): CodeIgniter\Database\BaseBuilder->insert()
 3 SYSTEMPATH/BaseModel.php(840): CodeIgniter\Model->doInsert()
 4 SYSTEMPATH/Model.php(791): CodeIgniter\BaseModel->insert()
 5 APPPATH/Controllers/Auth.php(63): CodeIgniter\Model->insert()
 6 SYSTEMPATH/CodeIgniter.php(933): App\Controllers\Auth->processRegister()
 7 SYSTEMPATH/CodeIgniter.php(509): CodeIgniter\CodeIgniter->runController()
 8 SYSTEMPATH/CodeIgniter.php(355): CodeIgniter\CodeIgniter->handleRequest()
 9 SYSTEMPATH/Boot.php(312): CodeIgniter\CodeIgniter->run()
10 SYSTEMPATH/Boot.php(67): CodeIgniter\Boot::runCodeIgniter()
11 FCPATH/index.php(56): CodeIgniter\Boot::bootWeb()
12 SYSTEMPATH/Commands/Server/rewrite.php(49): require_once('/home/oem/pk_development/Rohit_Learning/world/public/index.php')
CRITICAL - 2024-05-30 08:25:22 --> [Caused by] CodeIgniter\Database\Exceptions\DatabaseException: Unknown column 'created_at' in 'field list'
in SYSTEMPATH/Database/MySQLi/Connection.php on line 313.
 1 SYSTEMPATH/Database/BaseConnection.php(722): CodeIgniter\Database\MySQLi\Connection->execute()
 2 SYSTEMPATH/Database/BaseConnection.php(636): CodeIgniter\Database\BaseConnection->simpleQuery()
 3 SYSTEMPATH/Database/BaseBuilder.php(2325): CodeIgniter\Database\BaseConnection->query()
 4 SYSTEMPATH/Model.php(383): CodeIgniter\Database\BaseBuilder->insert()
 5 SYSTEMPATH/BaseModel.php(840): CodeIgniter\Model->doInsert()
 6 SYSTEMPATH/Model.php(791): CodeIgniter\BaseModel->insert()
 7 APPPATH/Controllers/Auth.php(63): CodeIgniter\Model->insert()
 8 SYSTEMPATH/CodeIgniter.php(933): App\Controllers\Auth->processRegister()
 9 SYSTEMPATH/CodeIgniter.php(509): CodeIgniter\CodeIgniter->runController()
10 SYSTEMPATH/CodeIgniter.php(355): CodeIgniter\CodeIgniter->handleRequest()
11 SYSTEMPATH/Boot.php(312): CodeIgniter\CodeIgniter->run()
12 SYSTEMPATH/Boot.php(67): CodeIgniter\Boot::runCodeIgniter()
13 FCPATH/index.php(56): CodeIgniter\Boot::bootWeb()
14 SYSTEMPATH/Commands/Server/rewrite.php(49): require_once('/home/oem/pk_development/Rohit_Learning/world/public/index.php')
CRITICAL - 2024-05-30 08:25:22 --> [Caused by] mysqli_sql_exception: Unknown column 'created_at' in 'field list'
in SYSTEMPATH/Database/MySQLi/Connection.php on line 308.
 1 SYSTEMPATH/Database/MySQLi/Connection.php(308): mysqli->query()
 2 SYSTEMPATH/Database/BaseConnection.php(722): CodeIgniter\Database\MySQLi\Connection->execute()
 3 SYSTEMPATH/Database/BaseConnection.php(636): CodeIgniter\Database\BaseConnection->simpleQuery()
 4 SYSTEMPATH/Database/BaseBuilder.php(2325): CodeIgniter\Database\BaseConnection->query()
 5 SYSTEMPATH/Model.php(383): CodeIgniter\Database\BaseBuilder->insert()
 6 SYSTEMPATH/BaseModel.php(840): CodeIgniter\Model->doInsert()
 7 SYSTEMPATH/Model.php(791): CodeIgniter\BaseModel->insert()
 8 APPPATH/Controllers/Auth.php(63): CodeIgniter\Model->insert()
 9 SYSTEMPATH/CodeIgniter.php(933): App\Controllers\Auth->processRegister()
10 SYSTEMPATH/CodeIgniter.php(509): CodeIgniter\CodeIgniter->runController()
11 SYSTEMPATH/CodeIgniter.php(355): CodeIgniter\CodeIgniter->handleRequest()
12 SYSTEMPATH/Boot.php(312): CodeIgniter\CodeIgniter->run()
13 SYSTEMPATH/Boot.php(67): CodeIgniter\Boot::runCodeIgniter()
14 FCPATH/index.php(56): CodeIgniter\Boot::bootWeb()
15 SYSTEMPATH/Commands/Server/rewrite.php(49): require_once('/home/oem/pk_development/Rohit_Learning/world/public/index.php')
ERROR - 2024-05-30 08:28:53 --> mysqli_sql_exception: Unknown column 'created_at' in 'field list' in /home/oem/pk_development/Rohit_Learning/world/system/Database/MySQLi/Connection.php:308
Stack trace:
#0 /home/oem/pk_development/Rohit_Learning/world/system/Database/MySQLi/Connection.php(308): mysqli->query()
#1 /home/oem/pk_development/Rohit_Learning/world/system/Database/BaseConnection.php(722): CodeIgniter\Database\MySQLi\Connection->execute()
#2 /home/oem/pk_development/Rohit_Learning/world/system/Database/BaseConnection.php(636): CodeIgniter\Database\BaseConnection->simpleQuery()
#3 /home/oem/pk_development/Rohit_Learning/world/system/Database/BaseBuilder.php(2325): CodeIgniter\Database\BaseConnection->query()
#4 /home/oem/pk_development/Rohit_Learning/world/system/Model.php(383): CodeIgniter\Database\BaseBuilder->insert()
#5 /home/oem/pk_development/Rohit_Learning/world/system/BaseModel.php(840): CodeIgniter\Model->doInsert()
#6 /home/oem/pk_development/Rohit_Learning/world/system/Model.php(791): CodeIgniter\BaseModel->insert()
#7 /home/oem/pk_development/Rohit_Learning/world/app/Controllers/Auth.php(60): CodeIgniter\Model->insert()
#8 /home/oem/pk_development/Rohit_Learning/world/system/CodeIgniter.php(933): App\Controllers\Auth->processRegister()
#9 /home/oem/pk_development/Rohit_Learning/world/system/CodeIgniter.php(509): CodeIgniter\CodeIgniter->runController()
#10 /home/oem/pk_development/Rohit_Learning/world/system/CodeIgniter.php(355): CodeIgniter\CodeIgniter->handleRequest()
#11 /home/oem/pk_development/Rohit_Learning/world/system/Boot.php(312): CodeIgniter\CodeIgniter->run()
#12 /home/oem/pk_development/Rohit_Learning/world/system/Boot.php(67): CodeIgniter\Boot::runCodeIgniter()
#13 /home/oem/pk_development/Rohit_Learning/world/public/index.php(56): CodeIgniter\Boot::bootWeb()
#14 /home/oem/pk_development/Rohit_Learning/world/system/Commands/Server/rewrite.php(49): require_once('...')
#15 {main}
CRITICAL - 2024-05-30 08:28:53 --> CodeIgniter\Database\Exceptions\DatabaseException: Unknown column 'created_at' in 'field list'
[Method: POST, Route: register]
in SYSTEMPATH/Database/BaseConnection.php on line 676.
 1 SYSTEMPATH/Database/BaseBuilder.php(2325): CodeIgniter\Database\BaseConnection->query()
 2 SYSTEMPATH/Model.php(383): CodeIgniter\Database\BaseBuilder->insert()
 3 SYSTEMPATH/BaseModel.php(840): CodeIgniter\Model->doInsert()
 4 SYSTEMPATH/Model.php(791): CodeIgniter\BaseModel->insert()
 5 APPPATH/Controllers/Auth.php(60): CodeIgniter\Model->insert()
 6 SYSTEMPATH/CodeIgniter.php(933): App\Controllers\Auth->processRegister()
 7 SYSTEMPATH/CodeIgniter.php(509): CodeIgniter\CodeIgniter->runController()
 8 SYSTEMPATH/CodeIgniter.php(355): CodeIgniter\CodeIgniter->handleRequest()
 9 SYSTEMPATH/Boot.php(312): CodeIgniter\CodeIgniter->run()
10 SYSTEMPATH/Boot.php(67): CodeIgniter\Boot::runCodeIgniter()
11 FCPATH/index.php(56): CodeIgniter\Boot::bootWeb()
12 SYSTEMPATH/Commands/Server/rewrite.php(49): require_once('/home/oem/pk_development/Rohit_Learning/world/public/index.php')
CRITICAL - 2024-05-30 08:28:53 --> [Caused by] CodeIgniter\Database\Exceptions\DatabaseException: Unknown column 'created_at' in 'field list'
in SYSTEMPATH/Database/MySQLi/Connection.php on line 313.
 1 SYSTEMPATH/Database/BaseConnection.php(722): CodeIgniter\Database\MySQLi\Connection->execute()
 2 SYSTEMPATH/Database/BaseConnection.php(636): CodeIgniter\Database\BaseConnection->simpleQuery()
 3 SYSTEMPATH/Database/BaseBuilder.php(2325): CodeIgniter\Database\BaseConnection->query()
 4 SYSTEMPATH/Model.php(383): CodeIgniter\Database\BaseBuilder->insert()
 5 SYSTEMPATH/BaseModel.php(840): CodeIgniter\Model->doInsert()
 6 SYSTEMPATH/Model.php(791): CodeIgniter\BaseModel->insert()
 7 APPPATH/Controllers/Auth.php(60): CodeIgniter\Model->insert()
 8 SYSTEMPATH/CodeIgniter.php(933): App\Controllers\Auth->processRegister()
 9 SYSTEMPATH/CodeIgniter.php(509): CodeIgniter\CodeIgniter->runController()
10 SYSTEMPATH/CodeIgniter.php(355): CodeIgniter\CodeIgniter->handleRequest()
11 SYSTEMPATH/Boot.php(312): CodeIgniter\CodeIgniter->run()
12 SYSTEMPATH/Boot.php(67): CodeIgniter\Boot::runCodeIgniter()
13 FCPATH/index.php(56): CodeIgniter\Boot::bootWeb()
14 SYSTEMPATH/Commands/Server/rewrite.php(49): require_once('/home/oem/pk_development/Rohit_Learning/world/public/index.php')
CRITICAL - 2024-05-30 08:28:53 --> [Caused by] mysqli_sql_exception: Unknown column 'created_at' in 'field list'
in SYSTEMPATH/Database/MySQLi/Connection.php on line 308.
 1 SYSTEMPATH/Database/MySQLi/Connection.php(308): mysqli->query()
 2 SYSTEMPATH/Database/BaseConnection.php(722): CodeIgniter\Database\MySQLi\Connection->execute()
 3 SYSTEMPATH/Database/BaseConnection.php(636): CodeIgniter\Database\BaseConnection->simpleQuery()
 4 SYSTEMPATH/Database/BaseBuilder.php(2325): CodeIgniter\Database\BaseConnection->query()
 5 SYSTEMPATH/Model.php(383): CodeIgniter\Database\BaseBuilder->insert()
 6 SYSTEMPATH/BaseModel.php(840): CodeIgniter\Model->doInsert()
 7 SYSTEMPATH/Model.php(791): CodeIgniter\BaseModel->insert()
 8 APPPATH/Controllers/Auth.php(60): CodeIgniter\Model->insert()
 9 SYSTEMPATH/CodeIgniter.php(933): App\Controllers\Auth->processRegister()
10 SYSTEMPATH/CodeIgniter.php(509): CodeIgniter\CodeIgniter->runController()
11 SYSTEMPATH/CodeIgniter.php(355): CodeIgniter\CodeIgniter->handleRequest()
12 SYSTEMPATH/Boot.php(312): CodeIgniter\CodeIgniter->run()
13 SYSTEMPATH/Boot.php(67): CodeIgniter\Boot::runCodeIgniter()
14 FCPATH/index.php(56): CodeIgniter\Boot::bootWeb()
15 SYSTEMPATH/Commands/Server/rewrite.php(49): require_once('/home/oem/pk_development/Rohit_Learning/world/public/index.php')
CRITICAL - 2024-05-30 08:29:19 --> BadMethodCallException: Call to undefined method App\Models\User::insert_data
[Method: POST, Route: register]
in SYSTEMPATH/Model.php on line 921.
 1 APPPATH/Controllers/Auth.php(60): CodeIgniter\Model->__call()
 2 SYSTEMPATH/CodeIgniter.php(933): App\Controllers\Auth->processRegister()
 3 SYSTEMPATH/CodeIgniter.php(509): CodeIgniter\CodeIgniter->runController()
 4 SYSTEMPATH/CodeIgniter.php(355): CodeIgniter\CodeIgniter->handleRequest()
 5 SYSTEMPATH/Boot.php(312): CodeIgniter\CodeIgniter->run()
 6 SYSTEMPATH/Boot.php(67): CodeIgniter\Boot::runCodeIgniter()
 7 FCPATH/index.php(56): CodeIgniter\Boot::bootWeb()
 8 SYSTEMPATH/Commands/Server/rewrite.php(49): require_once('/home/oem/pk_development/Rohit_Learning/world/public/index.php')
CRITICAL - 2024-05-30 08:29:22 --> BadMethodCallException: Call to undefined method App\Models\User::insert_data
[Method: POST, Route: register]
in SYSTEMPATH/Model.php on line 921.
 1 APPPATH/Controllers/Auth.php(60): CodeIgniter\Model->__call()
 2 SYSTEMPATH/CodeIgniter.php(933): App\Controllers\Auth->processRegister()
 3 SYSTEMPATH/CodeIgniter.php(509): CodeIgniter\CodeIgniter->runController()
 4 SYSTEMPATH/CodeIgniter.php(355): CodeIgniter\CodeIgniter->handleRequest()
 5 SYSTEMPATH/Boot.php(312): CodeIgniter\CodeIgniter->run()
 6 SYSTEMPATH/Boot.php(67): CodeIgniter\Boot::runCodeIgniter()
 7 FCPATH/index.php(56): CodeIgniter\Boot::bootWeb()
 8 SYSTEMPATH/Commands/Server/rewrite.php(49): require_once('/home/oem/pk_development/Rohit_Learning/world/public/index.php')
CRITICAL - 2024-05-30 08:31:10 --> BadMethodCallException: Call to undefined method App\Models\User::insert_data
[Method: POST, Route: register]
in SYSTEMPATH/Model.php on line 921.
 1 APPPATH/Controllers/Auth.php(60): CodeIgniter\Model->__call()
 2 SYSTEMPATH/CodeIgniter.php(933): App\Controllers\Auth->processRegister()
 3 SYSTEMPATH/CodeIgniter.php(509): CodeIgniter\CodeIgniter->runController()
 4 SYSTEMPATH/CodeIgniter.php(355): CodeIgniter\CodeIgniter->handleRequest()
 5 SYSTEMPATH/Boot.php(312): CodeIgniter\CodeIgniter->run()
 6 SYSTEMPATH/Boot.php(67): CodeIgniter\Boot::runCodeIgniter()
 7 FCPATH/index.php(56): CodeIgniter\Boot::bootWeb()
 8 SYSTEMPATH/Commands/Server/rewrite.php(49): require_once('/home/oem/pk_development/Rohit_Learning/world/public/index.php')
CRITICAL - 2024-05-30 08:31:19 --> BadMethodCallException: Call to undefined method App\Models\User::insert_data
[Method: POST, Route: register]
in SYSTEMPATH/Model.php on line 921.
 1 APPPATH/Controllers/Auth.php(60): CodeIgniter\Model->__call()
 2 SYSTEMPATH/CodeIgniter.php(933): App\Controllers\Auth->processRegister()
 3 SYSTEMPATH/CodeIgniter.php(509): CodeIgniter\CodeIgniter->runController()
 4 SYSTEMPATH/CodeIgniter.php(355): CodeIgniter\CodeIgniter->handleRequest()
 5 SYSTEMPATH/Boot.php(312): CodeIgniter\CodeIgniter->run()
 6 SYSTEMPATH/Boot.php(67): CodeIgniter\Boot::runCodeIgniter()
 7 FCPATH/index.php(56): CodeIgniter\Boot::bootWeb()
 8 SYSTEMPATH/Commands/Server/rewrite.php(49): require_once('/home/oem/pk_development/Rohit_Learning/world/public/index.php')
ERROR - 2024-05-30 08:39:10 --> mysqli_sql_exception: Unknown column 'created_at' in 'field list' in /home/oem/pk_development/Rohit_Learning/world/system/Database/MySQLi/Connection.php:308
Stack trace:
#0 /home/oem/pk_development/Rohit_Learning/world/system/Database/MySQLi/Connection.php(308): mysqli->query()
#1 /home/oem/pk_development/Rohit_Learning/world/system/Database/BaseConnection.php(722): CodeIgniter\Database\MySQLi\Connection->execute()
#2 /home/oem/pk_development/Rohit_Learning/world/system/Database/BaseConnection.php(636): CodeIgniter\Database\BaseConnection->simpleQuery()
#3 /home/oem/pk_development/Rohit_Learning/world/system/Database/BaseBuilder.php(2325): CodeIgniter\Database\BaseConnection->query()
#4 /home/oem/pk_development/Rohit_Learning/world/system/Model.php(383): CodeIgniter\Database\BaseBuilder->insert()
#5 /home/oem/pk_development/Rohit_Learning/world/system/BaseModel.php(840): CodeIgniter\Model->doInsert()
#6 /home/oem/pk_development/Rohit_Learning/world/system/Model.php(791): CodeIgniter\BaseModel->insert()
#7 /home/oem/pk_development/Rohit_Learning/world/app/Controllers/Auth.php(51): CodeIgniter\Model->insert()
#8 /home/oem/pk_development/Rohit_Learning/world/system/CodeIgniter.php(933): App\Controllers\Auth->processRegister()
#9 /home/oem/pk_development/Rohit_Learning/world/system/CodeIgniter.php(509): CodeIgniter\CodeIgniter->runController()
#10 /home/oem/pk_development/Rohit_Learning/world/system/CodeIgniter.php(355): CodeIgniter\CodeIgniter->handleRequest()
#11 /home/oem/pk_development/Rohit_Learning/world/system/Boot.php(312): CodeIgniter\CodeIgniter->run()
#12 /home/oem/pk_development/Rohit_Learning/world/system/Boot.php(67): CodeIgniter\Boot::runCodeIgniter()
#13 /home/oem/pk_development/Rohit_Learning/world/public/index.php(56): CodeIgniter\Boot::bootWeb()
#14 /home/oem/pk_development/Rohit_Learning/world/system/Commands/Server/rewrite.php(49): require_once('...')
#15 {main}
CRITICAL - 2024-05-30 08:39:10 --> CodeIgniter\Database\Exceptions\DatabaseException: Unknown column 'created_at' in 'field list'
[Method: POST, Route: register]
in SYSTEMPATH/Database/BaseConnection.php on line 676.
 1 SYSTEMPATH/Database/BaseBuilder.php(2325): CodeIgniter\Database\BaseConnection->query()
 2 SYSTEMPATH/Model.php(383): CodeIgniter\Database\BaseBuilder->insert()
 3 SYSTEMPATH/BaseModel.php(840): CodeIgniter\Model->doInsert()
 4 SYSTEMPATH/Model.php(791): CodeIgniter\BaseModel->insert()
 5 APPPATH/Controllers/Auth.php(51): CodeIgniter\Model->insert()
 6 SYSTEMPATH/CodeIgniter.php(933): App\Controllers\Auth->processRegister()
 7 SYSTEMPATH/CodeIgniter.php(509): CodeIgniter\CodeIgniter->runController()
 8 SYSTEMPATH/CodeIgniter.php(355): CodeIgniter\CodeIgniter->handleRequest()
 9 SYSTEMPATH/Boot.php(312): CodeIgniter\CodeIgniter->run()
10 SYSTEMPATH/Boot.php(67): CodeIgniter\Boot::runCodeIgniter()
11 FCPATH/index.php(56): CodeIgniter\Boot::bootWeb()
12 SYSTEMPATH/Commands/Server/rewrite.php(49): require_once('/home/oem/pk_development/Rohit_Learning/world/public/index.php')
CRITICAL - 2024-05-30 08:39:10 --> [Caused by] CodeIgniter\Database\Exceptions\DatabaseException: Unknown column 'created_at' in 'field list'
in SYSTEMPATH/Database/MySQLi/Connection.php on line 313.
 1 SYSTEMPATH/Database/BaseConnection.php(722): CodeIgniter\Database\MySQLi\Connection->execute()
 2 SYSTEMPATH/Database/BaseConnection.php(636): CodeIgniter\Database\BaseConnection->simpleQuery()
 3 SYSTEMPATH/Database/BaseBuilder.php(2325): CodeIgniter\Database\BaseConnection->query()
 4 SYSTEMPATH/Model.php(383): CodeIgniter\Database\BaseBuilder->insert()
 5 SYSTEMPATH/BaseModel.php(840): CodeIgniter\Model->doInsert()
 6 SYSTEMPATH/Model.php(791): CodeIgniter\BaseModel->insert()
 7 APPPATH/Controllers/Auth.php(51): CodeIgniter\Model->insert()
 8 SYSTEMPATH/CodeIgniter.php(933): App\Controllers\Auth->processRegister()
 9 SYSTEMPATH/CodeIgniter.php(509): CodeIgniter\CodeIgniter->runController()
10 SYSTEMPATH/CodeIgniter.php(355): CodeIgniter\CodeIgniter->handleRequest()
11 SYSTEMPATH/Boot.php(312): CodeIgniter\CodeIgniter->run()
12 SYSTEMPATH/Boot.php(67): CodeIgniter\Boot::runCodeIgniter()
13 FCPATH/index.php(56): CodeIgniter\Boot::bootWeb()
14 SYSTEMPATH/Commands/Server/rewrite.php(49): require_once('/home/oem/pk_development/Rohit_Learning/world/public/index.php')
CRITICAL - 2024-05-30 08:39:10 --> [Caused by] mysqli_sql_exception: Unknown column 'created_at' in 'field list'
in SYSTEMPATH/Database/MySQLi/Connection.php on line 308.
 1 SYSTEMPATH/Database/MySQLi/Connection.php(308): mysqli->query()
 2 SYSTEMPATH/Database/BaseConnection.php(722): CodeIgniter\Database\MySQLi\Connection->execute()
 3 SYSTEMPATH/Database/BaseConnection.php(636): CodeIgniter\Database\BaseConnection->simpleQuery()
 4 SYSTEMPATH/Database/BaseBuilder.php(2325): CodeIgniter\Database\BaseConnection->query()
 5 SYSTEMPATH/Model.php(383): CodeIgniter\Database\BaseBuilder->insert()
 6 SYSTEMPATH/BaseModel.php(840): CodeIgniter\Model->doInsert()
 7 SYSTEMPATH/Model.php(791): CodeIgniter\BaseModel->insert()
 8 APPPATH/Controllers/Auth.php(51): CodeIgniter\Model->insert()
 9 SYSTEMPATH/CodeIgniter.php(933): App\Controllers\Auth->processRegister()
10 SYSTEMPATH/CodeIgniter.php(509): CodeIgniter\CodeIgniter->runController()
11 SYSTEMPATH/CodeIgniter.php(355): CodeIgniter\CodeIgniter->handleRequest()
12 SYSTEMPATH/Boot.php(312): CodeIgniter\CodeIgniter->run()
13 SYSTEMPATH/Boot.php(67): CodeIgniter\Boot::runCodeIgniter()
14 FCPATH/index.php(56): CodeIgniter\Boot::bootWeb()
15 SYSTEMPATH/Commands/Server/rewrite.php(49): require_once('/home/oem/pk_development/Rohit_Learning/world/public/index.php')
ERROR - 2024-05-30 08:39:18 --> mysqli_sql_exception: Unknown column 'created_at' in 'field list' in /home/oem/pk_development/Rohit_Learning/world/system/Database/MySQLi/Connection.php:308
Stack trace:
#0 /home/oem/pk_development/Rohit_Learning/world/system/Database/MySQLi/Connection.php(308): mysqli->query()
#1 /home/oem/pk_development/Rohit_Learning/world/system/Database/BaseConnection.php(722): CodeIgniter\Database\MySQLi\Connection->execute()
#2 /home/oem/pk_development/Rohit_Learning/world/system/Database/BaseConnection.php(636): CodeIgniter\Database\BaseConnection->simpleQuery()
#3 /home/oem/pk_development/Rohit_Learning/world/system/Database/BaseBuilder.php(2325): CodeIgniter\Database\BaseConnection->query()
#4 /home/oem/pk_development/Rohit_Learning/world/system/Model.php(383): CodeIgniter\Database\BaseBuilder->insert()
#5 /home/oem/pk_development/Rohit_Learning/world/system/BaseModel.php(840): CodeIgniter\Model->doInsert()
#6 /home/oem/pk_development/Rohit_Learning/world/system/Model.php(791): CodeIgniter\BaseModel->insert()
#7 /home/oem/pk_development/Rohit_Learning/world/app/Controllers/Auth.php(51): CodeIgniter\Model->insert()
#8 /home/oem/pk_development/Rohit_Learning/world/system/CodeIgniter.php(933): App\Controllers\Auth->processRegister()
#9 /home/oem/pk_development/Rohit_Learning/world/system/CodeIgniter.php(509): CodeIgniter\CodeIgniter->runController()
#10 /home/oem/pk_development/Rohit_Learning/world/system/CodeIgniter.php(355): CodeIgniter\CodeIgniter->handleRequest()
#11 /home/oem/pk_development/Rohit_Learning/world/system/Boot.php(312): CodeIgniter\CodeIgniter->run()
#12 /home/oem/pk_development/Rohit_Learning/world/system/Boot.php(67): CodeIgniter\Boot::runCodeIgniter()
#13 /home/oem/pk_development/Rohit_Learning/world/public/index.php(56): CodeIgniter\Boot::bootWeb()
#14 /home/oem/pk_development/Rohit_Learning/world/system/Commands/Server/rewrite.php(49): require_once('...')
#15 {main}
CRITICAL - 2024-05-30 08:39:18 --> CodeIgniter\Database\Exceptions\DatabaseException: Unknown column 'created_at' in 'field list'
[Method: POST, Route: register]
in SYSTEMPATH/Database/BaseConnection.php on line 676.
 1 SYSTEMPATH/Database/BaseBuilder.php(2325): CodeIgniter\Database\BaseConnection->query()
 2 SYSTEMPATH/Model.php(383): CodeIgniter\Database\BaseBuilder->insert()
 3 SYSTEMPATH/BaseModel.php(840): CodeIgniter\Model->doInsert()
 4 SYSTEMPATH/Model.php(791): CodeIgniter\BaseModel->insert()
 5 APPPATH/Controllers/Auth.php(51): CodeIgniter\Model->insert()
 6 SYSTEMPATH/CodeIgniter.php(933): App\Controllers\Auth->processRegister()
 7 SYSTEMPATH/CodeIgniter.php(509): CodeIgniter\CodeIgniter->runController()
 8 SYSTEMPATH/CodeIgniter.php(355): CodeIgniter\CodeIgniter->handleRequest()
 9 SYSTEMPATH/Boot.php(312): CodeIgniter\CodeIgniter->run()
10 SYSTEMPATH/Boot.php(67): CodeIgniter\Boot::runCodeIgniter()
11 FCPATH/index.php(56): CodeIgniter\Boot::bootWeb()
12 SYSTEMPATH/Commands/Server/rewrite.php(49): require_once('/home/oem/pk_development/Rohit_Learning/world/public/index.php')
CRITICAL - 2024-05-30 08:39:18 --> [Caused by] CodeIgniter\Database\Exceptions\DatabaseException: Unknown column 'created_at' in 'field list'
in SYSTEMPATH/Database/MySQLi/Connection.php on line 313.
 1 SYSTEMPATH/Database/BaseConnection.php(722): CodeIgniter\Database\MySQLi\Connection->execute()
 2 SYSTEMPATH/Database/BaseConnection.php(636): CodeIgniter\Database\BaseConnection->simpleQuery()
 3 SYSTEMPATH/Database/BaseBuilder.php(2325): CodeIgniter\Database\BaseConnection->query()
 4 SYSTEMPATH/Model.php(383): CodeIgniter\Database\BaseBuilder->insert()
 5 SYSTEMPATH/BaseModel.php(840): CodeIgniter\Model->doInsert()
 6 SYSTEMPATH/Model.php(791): CodeIgniter\BaseModel->insert()
 7 APPPATH/Controllers/Auth.php(51): CodeIgniter\Model->insert()
 8 SYSTEMPATH/CodeIgniter.php(933): App\Controllers\Auth->processRegister()
 9 SYSTEMPATH/CodeIgniter.php(509): CodeIgniter\CodeIgniter->runController()
10 SYSTEMPATH/CodeIgniter.php(355): CodeIgniter\CodeIgniter->handleRequest()
11 SYSTEMPATH/Boot.php(312): CodeIgniter\CodeIgniter->run()
12 SYSTEMPATH/Boot.php(67): CodeIgniter\Boot::runCodeIgniter()
13 FCPATH/index.php(56): CodeIgniter\Boot::bootWeb()
14 SYSTEMPATH/Commands/Server/rewrite.php(49): require_once('/home/oem/pk_development/Rohit_Learning/world/public/index.php')
CRITICAL - 2024-05-30 08:39:18 --> [Caused by] mysqli_sql_exception: Unknown column 'created_at' in 'field list'
in SYSTEMPATH/Database/MySQLi/Connection.php on line 308.
 1 SYSTEMPATH/Database/MySQLi/Connection.php(308): mysqli->query()
 2 SYSTEMPATH/Database/BaseConnection.php(722): CodeIgniter\Database\MySQLi\Connection->execute()
 3 SYSTEMPATH/Database/BaseConnection.php(636): CodeIgniter\Database\BaseConnection->simpleQuery()
 4 SYSTEMPATH/Database/BaseBuilder.php(2325): CodeIgniter\Database\BaseConnection->query()
 5 SYSTEMPATH/Model.php(383): CodeIgniter\Database\BaseBuilder->insert()
 6 SYSTEMPATH/BaseModel.php(840): CodeIgniter\Model->doInsert()
 7 SYSTEMPATH/Model.php(791): CodeIgniter\BaseModel->insert()
 8 APPPATH/Controllers/Auth.php(51): CodeIgniter\Model->insert()
 9 SYSTEMPATH/CodeIgniter.php(933): App\Controllers\Auth->processRegister()
10 SYSTEMPATH/CodeIgniter.php(509): CodeIgniter\CodeIgniter->runController()
11 SYSTEMPATH/CodeIgniter.php(355): CodeIgniter\CodeIgniter->handleRequest()
12 SYSTEMPATH/Boot.php(312): CodeIgniter\CodeIgniter->run()
13 SYSTEMPATH/Boot.php(67): CodeIgniter\Boot::runCodeIgniter()
14 FCPATH/index.php(56): CodeIgniter\Boot::bootWeb()
15 SYSTEMPATH/Commands/Server/rewrite.php(49): require_once('/home/oem/pk_development/Rohit_Learning/world/public/index.php')
ERROR - 2024-05-30 08:42:41 --> mysqli_sql_exception: Unknown column 'created_at' in 'field list' in /home/oem/pk_development/Rohit_Learning/world/system/Database/MySQLi/Connection.php:308
Stack trace:
#0 /home/oem/pk_development/Rohit_Learning/world/system/Database/MySQLi/Connection.php(308): mysqli->query()
#1 /home/oem/pk_development/Rohit_Learning/world/system/Database/BaseConnection.php(722): CodeIgniter\Database\MySQLi\Connection->execute()
#2 /home/oem/pk_development/Rohit_Learning/world/system/Database/BaseConnection.php(636): CodeIgniter\Database\BaseConnection->simpleQuery()
#3 /home/oem/pk_development/Rohit_Learning/world/system/Database/BaseBuilder.php(2325): CodeIgniter\Database\BaseConnection->query()
#4 /home/oem/pk_development/Rohit_Learning/world/system/Model.php(383): CodeIgniter\Database\BaseBuilder->insert()
#5 /home/oem/pk_development/Rohit_Learning/world/system/BaseModel.php(840): CodeIgniter\Model->doInsert()
#6 /home/oem/pk_development/Rohit_Learning/world/system/Model.php(791): CodeIgniter\BaseModel->insert()
#7 /home/oem/pk_development/Rohit_Learning/world/app/Controllers/Auth.php(51): CodeIgniter\Model->insert()
#8 /home/oem/pk_development/Rohit_Learning/world/system/CodeIgniter.php(933): App\Controllers\Auth->processRegister()
#9 /home/oem/pk_development/Rohit_Learning/world/system/CodeIgniter.php(509): CodeIgniter\CodeIgniter->runController()
#10 /home/oem/pk_development/Rohit_Learning/world/system/CodeIgniter.php(355): CodeIgniter\CodeIgniter->handleRequest()
#11 /home/oem/pk_development/Rohit_Learning/world/system/Boot.php(312): CodeIgniter\CodeIgniter->run()
#12 /home/oem/pk_development/Rohit_Learning/world/system/Boot.php(67): CodeIgniter\Boot::runCodeIgniter()
#13 /home/oem/pk_development/Rohit_Learning/world/public/index.php(56): CodeIgniter\Boot::bootWeb()
#14 /home/oem/pk_development/Rohit_Learning/world/system/Commands/Server/rewrite.php(49): require_once('...')
#15 {main}
CRITICAL - 2024-05-30 08:42:41 --> CodeIgniter\Database\Exceptions\DatabaseException: Unknown column 'created_at' in 'field list'
[Method: POST, Route: register]
in SYSTEMPATH/Database/BaseConnection.php on line 676.
 1 SYSTEMPATH/Database/BaseBuilder.php(2325): CodeIgniter\Database\BaseConnection->query()
 2 SYSTEMPATH/Model.php(383): CodeIgniter\Database\BaseBuilder->insert()
 3 SYSTEMPATH/BaseModel.php(840): CodeIgniter\Model->doInsert()
 4 SYSTEMPATH/Model.php(791): CodeIgniter\BaseModel->insert()
 5 APPPATH/Controllers/Auth.php(51): CodeIgniter\Model->insert()
 6 SYSTEMPATH/CodeIgniter.php(933): App\Controllers\Auth->processRegister()
 7 SYSTEMPATH/CodeIgniter.php(509): CodeIgniter\CodeIgniter->runController()
 8 SYSTEMPATH/CodeIgniter.php(355): CodeIgniter\CodeIgniter->handleRequest()
 9 SYSTEMPATH/Boot.php(312): CodeIgniter\CodeIgniter->run()
10 SYSTEMPATH/Boot.php(67): CodeIgniter\Boot::runCodeIgniter()
11 FCPATH/index.php(56): CodeIgniter\Boot::bootWeb()
12 SYSTEMPATH/Commands/Server/rewrite.php(49): require_once('/home/oem/pk_development/Rohit_Learning/world/public/index.php')
CRITICAL - 2024-05-30 08:42:41 --> [Caused by] CodeIgniter\Database\Exceptions\DatabaseException: Unknown column 'created_at' in 'field list'
in SYSTEMPATH/Database/MySQLi/Connection.php on line 313.
 1 SYSTEMPATH/Database/BaseConnection.php(722): CodeIgniter\Database\MySQLi\Connection->execute()
 2 SYSTEMPATH/Database/BaseConnection.php(636): CodeIgniter\Database\BaseConnection->simpleQuery()
 3 SYSTEMPATH/Database/BaseBuilder.php(2325): CodeIgniter\Database\BaseConnection->query()
 4 SYSTEMPATH/Model.php(383): CodeIgniter\Database\BaseBuilder->insert()
 5 SYSTEMPATH/BaseModel.php(840): CodeIgniter\Model->doInsert()
 6 SYSTEMPATH/Model.php(791): CodeIgniter\BaseModel->insert()
 7 APPPATH/Controllers/Auth.php(51): CodeIgniter\Model->insert()
 8 SYSTEMPATH/CodeIgniter.php(933): App\Controllers\Auth->processRegister()
 9 SYSTEMPATH/CodeIgniter.php(509): CodeIgniter\CodeIgniter->runController()
10 SYSTEMPATH/CodeIgniter.php(355): CodeIgniter\CodeIgniter->handleRequest()
11 SYSTEMPATH/Boot.php(312): CodeIgniter\CodeIgniter->run()
12 SYSTEMPATH/Boot.php(67): CodeIgniter\Boot::runCodeIgniter()
13 FCPATH/index.php(56): CodeIgniter\Boot::bootWeb()
14 SYSTEMPATH/Commands/Server/rewrite.php(49): require_once('/home/oem/pk_development/Rohit_Learning/world/public/index.php')
CRITICAL - 2024-05-30 08:42:41 --> [Caused by] mysqli_sql_exception: Unknown column 'created_at' in 'field list'
in SYSTEMPATH/Database/MySQLi/Connection.php on line 308.
 1 SYSTEMPATH/Database/MySQLi/Connection.php(308): mysqli->query()
 2 SYSTEMPATH/Database/BaseConnection.php(722): CodeIgniter\Database\MySQLi\Connection->execute()
 3 SYSTEMPATH/Database/BaseConnection.php(636): CodeIgniter\Database\BaseConnection->simpleQuery()
 4 SYSTEMPATH/Database/BaseBuilder.php(2325): CodeIgniter\Database\BaseConnection->query()
 5 SYSTEMPATH/Model.php(383): CodeIgniter\Database\BaseBuilder->insert()
 6 SYSTEMPATH/BaseModel.php(840): CodeIgniter\Model->doInsert()
 7 SYSTEMPATH/Model.php(791): CodeIgniter\BaseModel->insert()
 8 APPPATH/Controllers/Auth.php(51): CodeIgniter\Model->insert()
 9 SYSTEMPATH/CodeIgniter.php(933): App\Controllers\Auth->processRegister()
10 SYSTEMPATH/CodeIgniter.php(509): CodeIgniter\CodeIgniter->runController()
11 SYSTEMPATH/CodeIgniter.php(355): CodeIgniter\CodeIgniter->handleRequest()
12 SYSTEMPATH/Boot.php(312): CodeIgniter\CodeIgniter->run()
13 SYSTEMPATH/Boot.php(67): CodeIgniter\Boot::runCodeIgniter()
14 FCPATH/index.php(56): CodeIgniter\Boot::bootWeb()
15 SYSTEMPATH/Commands/Server/rewrite.php(49): require_once('/home/oem/pk_development/Rohit_Learning/world/public/index.php')
ERROR - 2024-05-30 08:45:32 --> mysqli_sql_exception: Unknown column 'created_at' in 'field list' in /home/oem/pk_development/Rohit_Learning/world/system/Database/MySQLi/Connection.php:308
Stack trace:
#0 /home/oem/pk_development/Rohit_Learning/world/system/Database/MySQLi/Connection.php(308): mysqli->query()
#1 /home/oem/pk_development/Rohit_Learning/world/system/Database/BaseConnection.php(722): CodeIgniter\Database\MySQLi\Connection->execute()
#2 /home/oem/pk_development/Rohit_Learning/world/system/Database/BaseConnection.php(636): CodeIgniter\Database\BaseConnection->simpleQuery()
#3 /home/oem/pk_development/Rohit_Learning/world/system/Database/BaseBuilder.php(2325): CodeIgniter\Database\BaseConnection->query()
#4 /home/oem/pk_development/Rohit_Learning/world/system/Model.php(383): CodeIgniter\Database\BaseBuilder->insert()
#5 /home/oem/pk_development/Rohit_Learning/world/system/BaseModel.php(840): CodeIgniter\Model->doInsert()
#6 /home/oem/pk_development/Rohit_Learning/world/system/Model.php(791): CodeIgniter\BaseModel->insert()
#7 /home/oem/pk_development/Rohit_Learning/world/app/Controllers/Auth.php(54): CodeIgniter\Model->insert()
#8 /home/oem/pk_development/Rohit_Learning/world/system/CodeIgniter.php(933): App\Controllers\Auth->processRegister()
#9 /home/oem/pk_development/Rohit_Learning/world/system/CodeIgniter.php(509): CodeIgniter\CodeIgniter->runController()
#10 /home/oem/pk_development/Rohit_Learning/world/system/CodeIgniter.php(355): CodeIgniter\CodeIgniter->handleRequest()
#11 /home/oem/pk_development/Rohit_Learning/world/system/Boot.php(312): CodeIgniter\CodeIgniter->run()
#12 /home/oem/pk_development/Rohit_Learning/world/system/Boot.php(67): CodeIgniter\Boot::runCodeIgniter()
#13 /home/oem/pk_development/Rohit_Learning/world/public/index.php(56): CodeIgniter\Boot::bootWeb()
#14 /home/oem/pk_development/Rohit_Learning/world/system/Commands/Server/rewrite.php(49): require_once('...')
#15 {main}
CRITICAL - 2024-05-30 08:45:32 --> CodeIgniter\Database\Exceptions\DatabaseException: Unknown column 'created_at' in 'field list'
[Method: POST, Route: register]
in SYSTEMPATH/Database/BaseConnection.php on line 676.
 1 SYSTEMPATH/Database/BaseBuilder.php(2325): CodeIgniter\Database\BaseConnection->query()
 2 SYSTEMPATH/Model.php(383): CodeIgniter\Database\BaseBuilder->insert()
 3 SYSTEMPATH/BaseModel.php(840): CodeIgniter\Model->doInsert()
 4 SYSTEMPATH/Model.php(791): CodeIgniter\BaseModel->insert()
 5 APPPATH/Controllers/Auth.php(54): CodeIgniter\Model->insert()
 6 SYSTEMPATH/CodeIgniter.php(933): App\Controllers\Auth->processRegister()
 7 SYSTEMPATH/CodeIgniter.php(509): CodeIgniter\CodeIgniter->runController()
 8 SYSTEMPATH/CodeIgniter.php(355): CodeIgniter\CodeIgniter->handleRequest()
 9 SYSTEMPATH/Boot.php(312): CodeIgniter\CodeIgniter->run()
10 SYSTEMPATH/Boot.php(67): CodeIgniter\Boot::runCodeIgniter()
11 FCPATH/index.php(56): CodeIgniter\Boot::bootWeb()
12 SYSTEMPATH/Commands/Server/rewrite.php(49): require_once('/home/oem/pk_development/Rohit_Learning/world/public/index.php')
CRITICAL - 2024-05-30 08:45:32 --> [Caused by] CodeIgniter\Database\Exceptions\DatabaseException: Unknown column 'created_at' in 'field list'
in SYSTEMPATH/Database/MySQLi/Connection.php on line 313.
 1 SYSTEMPATH/Database/BaseConnection.php(722): CodeIgniter\Database\MySQLi\Connection->execute()
 2 SYSTEMPATH/Database/BaseConnection.php(636): CodeIgniter\Database\BaseConnection->simpleQuery()
 3 SYSTEMPATH/Database/BaseBuilder.php(2325): CodeIgniter\Database\BaseConnection->query()
 4 SYSTEMPATH/Model.php(383): CodeIgniter\Database\BaseBuilder->insert()
 5 SYSTEMPATH/BaseModel.php(840): CodeIgniter\Model->doInsert()
 6 SYSTEMPATH/Model.php(791): CodeIgniter\BaseModel->insert()
 7 APPPATH/Controllers/Auth.php(54): CodeIgniter\Model->insert()
 8 SYSTEMPATH/CodeIgniter.php(933): App\Controllers\Auth->processRegister()
 9 SYSTEMPATH/CodeIgniter.php(509): CodeIgniter\CodeIgniter->runController()
10 SYSTEMPATH/CodeIgniter.php(355): CodeIgniter\CodeIgniter->handleRequest()
11 SYSTEMPATH/Boot.php(312): CodeIgniter\CodeIgniter->run()
12 SYSTEMPATH/Boot.php(67): CodeIgniter\Boot::runCodeIgniter()
13 FCPATH/index.php(56): CodeIgniter\Boot::bootWeb()
14 SYSTEMPATH/Commands/Server/rewrite.php(49): require_once('/home/oem/pk_development/Rohit_Learning/world/public/index.php')
CRITICAL - 2024-05-30 08:45:32 --> [Caused by] mysqli_sql_exception: Unknown column 'created_at' in 'field list'
in SYSTEMPATH/Database/MySQLi/Connection.php on line 308.
 1 SYSTEMPATH/Database/MySQLi/Connection.php(308): mysqli->query()
 2 SYSTEMPATH/Database/BaseConnection.php(722): CodeIgniter\Database\MySQLi\Connection->execute()
 3 SYSTEMPATH/Database/BaseConnection.php(636): CodeIgniter\Database\BaseConnection->simpleQuery()
 4 SYSTEMPATH/Database/BaseBuilder.php(2325): CodeIgniter\Database\BaseConnection->query()
 5 SYSTEMPATH/Model.php(383): CodeIgniter\Database\BaseBuilder->insert()
 6 SYSTEMPATH/BaseModel.php(840): CodeIgniter\Model->doInsert()
 7 SYSTEMPATH/Model.php(791): CodeIgniter\BaseModel->insert()
 8 APPPATH/Controllers/Auth.php(54): CodeIgniter\Model->insert()
 9 SYSTEMPATH/CodeIgniter.php(933): App\Controllers\Auth->processRegister()
10 SYSTEMPATH/CodeIgniter.php(509): CodeIgniter\CodeIgniter->runController()
11 SYSTEMPATH/CodeIgniter.php(355): CodeIgniter\CodeIgniter->handleRequest()
12 SYSTEMPATH/Boot.php(312): CodeIgniter\CodeIgniter->run()
13 SYSTEMPATH/Boot.php(67): CodeIgniter\Boot::runCodeIgniter()
14 FCPATH/index.php(56): CodeIgniter\Boot::bootWeb()
15 SYSTEMPATH/Commands/Server/rewrite.php(49): require_once('/home/oem/pk_development/Rohit_Learning/world/public/index.php')
CRITICAL - 2024-05-30 09:41:50 --> ErrorException: Attempt to read property "password" on array
[Method: POST, Route: login]
in APPPATH/Controllers/Auth.php on line 34.
 1 APPPATH/Controllers/Auth.php(34): CodeIgniter\Debug\Exceptions->errorHandler()
 2 SYSTEMPATH/CodeIgniter.php(933): App\Controllers\Auth->processLogin()
 3 SYSTEMPATH/CodeIgniter.php(509): CodeIgniter\CodeIgniter->runController()
 4 SYSTEMPATH/CodeIgniter.php(355): CodeIgniter\CodeIgniter->handleRequest()
 5 SYSTEMPATH/Boot.php(312): CodeIgniter\CodeIgniter->run()
 6 SYSTEMPATH/Boot.php(67): CodeIgniter\Boot::runCodeIgniter()
 7 FCPATH/index.php(56): CodeIgniter\Boot::bootWeb()
 8 SYSTEMPATH/Commands/Server/rewrite.php(49): require_once('/home/oem/pk_development/Rohit_Learning/world/public/index.php')
CRITICAL - 2024-05-30 09:44:39 --> ErrorException: Array to string conversion
[Method: POST, Route: login]
in APPPATH/Controllers/Auth.php on line 25.
 1 APPPATH/Controllers/Auth.php(25): CodeIgniter\Debug\Exceptions->errorHandler()
 2 SYSTEMPATH/CodeIgniter.php(933): App\Controllers\Auth->processLogin()
 3 SYSTEMPATH/CodeIgniter.php(509): CodeIgniter\CodeIgniter->runController()
 4 SYSTEMPATH/CodeIgniter.php(355): CodeIgniter\CodeIgniter->handleRequest()
 5 SYSTEMPATH/Boot.php(312): CodeIgniter\CodeIgniter->run()
 6 SYSTEMPATH/Boot.php(67): CodeIgniter\Boot::runCodeIgniter()
 7 FCPATH/index.php(56): CodeIgniter\Boot::bootWeb()
 8 SYSTEMPATH/Commands/Server/rewrite.php(49): require_once('/home/oem/pk_development/Rohit_Learning/world/public/index.php')
CRITICAL - 2024-05-30 10:01:54 --> ErrorException: Array to string conversion
[Method: POST, Route: login]
in APPPATH/Controllers/Auth.php on line 28.
 1 APPPATH/Controllers/Auth.php(28): CodeIgniter\Debug\Exceptions->errorHandler()
 2 SYSTEMPATH/CodeIgniter.php(933): App\Controllers\Auth->processLogin()
 3 SYSTEMPATH/CodeIgniter.php(509): CodeIgniter\CodeIgniter->runController()
 4 SYSTEMPATH/CodeIgniter.php(355): CodeIgniter\CodeIgniter->handleRequest()
 5 SYSTEMPATH/Boot.php(312): CodeIgniter\CodeIgniter->run()
 6 SYSTEMPATH/Boot.php(67): CodeIgniter\Boot::runCodeIgniter()
 7 FCPATH/index.php(56): CodeIgniter\Boot::bootWeb()
 8 SYSTEMPATH/Commands/Server/rewrite.php(49): require_once('/home/oem/pk_development/Rohit_Learning/world/public/index.php')
CRITICAL - 2024-05-30 10:02:09 --> ErrorException: Array to string conversion
[Method: POST, Route: login]
in APPPATH/Controllers/Auth.php on line 28.
 1 APPPATH/Controllers/Auth.php(28): CodeIgniter\Debug\Exceptions->errorHandler()
 2 SYSTEMPATH/CodeIgniter.php(933): App\Controllers\Auth->processLogin()
 3 SYSTEMPATH/CodeIgniter.php(509): CodeIgniter\CodeIgniter->runController()
 4 SYSTEMPATH/CodeIgniter.php(355): CodeIgniter\CodeIgniter->handleRequest()
 5 SYSTEMPATH/Boot.php(312): CodeIgniter\CodeIgniter->run()
 6 SYSTEMPATH/Boot.php(67): CodeIgniter\Boot::runCodeIgniter()
 7 FCPATH/index.php(56): CodeIgniter\Boot::bootWeb()
 8 SYSTEMPATH/Commands/Server/rewrite.php(49): require_once('/home/oem/pk_development/Rohit_Learning/world/public/index.php')
CRITICAL - 2024-05-30 10:02:22 --> ErrorException: Array to string conversion
[Method: POST, Route: login]
in APPPATH/Controllers/Auth.php on line 28.
 1 APPPATH/Controllers/Auth.php(28): CodeIgniter\Debug\Exceptions->errorHandler()
 2 SYSTEMPATH/CodeIgniter.php(933): App\Controllers\Auth->processLogin()
 3 SYSTEMPATH/CodeIgniter.php(509): CodeIgniter\CodeIgniter->runController()
 4 SYSTEMPATH/CodeIgniter.php(355): CodeIgniter\CodeIgniter->handleRequest()
 5 SYSTEMPATH/Boot.php(312): CodeIgniter\CodeIgniter->run()
 6 SYSTEMPATH/Boot.php(67): CodeIgniter\Boot::runCodeIgniter()
 7 FCPATH/index.php(56): CodeIgniter\Boot::bootWeb()
 8 SYSTEMPATH/Commands/Server/rewrite.php(49): require_once('/home/oem/pk_development/Rohit_Learning/world/public/index.php')
CRITICAL - 2024-05-30 10:04:04 --> ErrorException: Attempt to read property "password" on array
[Method: POST, Route: login]
in APPPATH/Controllers/Auth.php on line 37.
 1 APPPATH/Controllers/Auth.php(37): CodeIgniter\Debug\Exceptions->errorHandler()
 2 SYSTEMPATH/CodeIgniter.php(933): App\Controllers\Auth->processLogin()
 3 SYSTEMPATH/CodeIgniter.php(509): CodeIgniter\CodeIgniter->runController()
 4 SYSTEMPATH/CodeIgniter.php(355): CodeIgniter\CodeIgniter->handleRequest()
 5 SYSTEMPATH/Boot.php(312): CodeIgniter\CodeIgniter->run()
 6 SYSTEMPATH/Boot.php(67): CodeIgniter\Boot::runCodeIgniter()
 7 FCPATH/index.php(56): CodeIgniter\Boot::bootWeb()
 8 SYSTEMPATH/Commands/Server/rewrite.php(49): require_once('/home/oem/pk_development/Rohit_Learning/world/public/index.php')
CRITICAL - 2024-05-30 10:15:41 --> ErrorException: Attempt to read property "password" on array
[Method: POST, Route: login]
in APPPATH/Controllers/Auth.php on line 44.
 1 APPPATH/Controllers/Auth.php(44): CodeIgniter\Debug\Exceptions->errorHandler()
 2 SYSTEMPATH/CodeIgniter.php(933): App\Controllers\Auth->processLogin()
 3 SYSTEMPATH/CodeIgniter.php(509): CodeIgniter\CodeIgniter->runController()
 4 SYSTEMPATH/CodeIgniter.php(355): CodeIgniter\CodeIgniter->handleRequest()
 5 SYSTEMPATH/Boot.php(312): CodeIgniter\CodeIgniter->run()
 6 SYSTEMPATH/Boot.php(67): CodeIgniter\Boot::runCodeIgniter()
 7 FCPATH/index.php(56): CodeIgniter\Boot::bootWeb()
 8 SYSTEMPATH/Commands/Server/rewrite.php(49): require_once('/home/oem/pk_development/Rohit_Learning/world/public/index.php')
CRITICAL - 2024-05-30 10:15:45 --> ErrorException: Attempt to read property "password" on array
[Method: POST, Route: login]
in APPPATH/Controllers/Auth.php on line 44.
 1 APPPATH/Controllers/Auth.php(44): CodeIgniter\Debug\Exceptions->errorHandler()
 2 SYSTEMPATH/CodeIgniter.php(933): App\Controllers\Auth->processLogin()
 3 SYSTEMPATH/CodeIgniter.php(509): CodeIgniter\CodeIgniter->runController()
 4 SYSTEMPATH/CodeIgniter.php(355): CodeIgniter\CodeIgniter->handleRequest()
 5 SYSTEMPATH/Boot.php(312): CodeIgniter\CodeIgniter->run()
 6 SYSTEMPATH/Boot.php(67): CodeIgniter\Boot::runCodeIgniter()
 7 FCPATH/index.php(56): CodeIgniter\Boot::bootWeb()
 8 SYSTEMPATH/Commands/Server/rewrite.php(49): require_once('/home/oem/pk_development/Rohit_Learning/world/public/index.php')
CRITICAL - 2024-05-30 10:15:46 --> ErrorException: Attempt to read property "password" on array
[Method: POST, Route: login]
in APPPATH/Controllers/Auth.php on line 44.
 1 APPPATH/Controllers/Auth.php(44): CodeIgniter\Debug\Exceptions->errorHandler()
 2 SYSTEMPATH/CodeIgniter.php(933): App\Controllers\Auth->processLogin()
 3 SYSTEMPATH/CodeIgniter.php(509): CodeIgniter\CodeIgniter->runController()
 4 SYSTEMPATH/CodeIgniter.php(355): CodeIgniter\CodeIgniter->handleRequest()
 5 SYSTEMPATH/Boot.php(312): CodeIgniter\CodeIgniter->run()
 6 SYSTEMPATH/Boot.php(67): CodeIgniter\Boot::runCodeIgniter()
 7 FCPATH/index.php(56): CodeIgniter\Boot::bootWeb()
 8 SYSTEMPATH/Commands/Server/rewrite.php(49): require_once('/home/oem/pk_development/Rohit_Learning/world/public/index.php')
CRITICAL - 2024-05-30 10:15:56 --> ErrorException: Attempt to read property "password" on array
[Method: POST, Route: login]
in APPPATH/Controllers/Auth.php on line 44.
 1 APPPATH/Controllers/Auth.php(44): CodeIgniter\Debug\Exceptions->errorHandler()
 2 SYSTEMPATH/CodeIgniter.php(933): App\Controllers\Auth->processLogin()
 3 SYSTEMPATH/CodeIgniter.php(509): CodeIgniter\CodeIgniter->runController()
 4 SYSTEMPATH/CodeIgniter.php(355): CodeIgniter\CodeIgniter->handleRequest()
 5 SYSTEMPATH/Boot.php(312): CodeIgniter\CodeIgniter->run()
 6 SYSTEMPATH/Boot.php(67): CodeIgniter\Boot::runCodeIgniter()
 7 FCPATH/index.php(56): CodeIgniter\Boot::bootWeb()
 8 SYSTEMPATH/Commands/Server/rewrite.php(49): require_once('/home/oem/pk_development/Rohit_Learning/world/public/index.php')
CRITICAL - 2024-05-30 10:18:08 --> ErrorException: Attempt to read property "password" on array
[Method: POST, Route: login]
in APPPATH/Controllers/Auth.php on line 44.
 1 APPPATH/Controllers/Auth.php(44): CodeIgniter\Debug\Exceptions->errorHandler()
 2 SYSTEMPATH/CodeIgniter.php(933): App\Controllers\Auth->processLogin()
 3 SYSTEMPATH/CodeIgniter.php(509): CodeIgniter\CodeIgniter->runController()
 4 SYSTEMPATH/CodeIgniter.php(355): CodeIgniter\CodeIgniter->handleRequest()
 5 SYSTEMPATH/Boot.php(312): CodeIgniter\CodeIgniter->run()
 6 SYSTEMPATH/Boot.php(67): CodeIgniter\Boot::runCodeIgniter()
 7 FCPATH/index.php(56): CodeIgniter\Boot::bootWeb()
 8 SYSTEMPATH/Commands/Server/rewrite.php(49): require_once('/home/oem/pk_development/Rohit_Learning/world/public/index.php')
CRITICAL - 2024-05-30 10:29:40 --> ErrorException: Undefined variable $status1
[Method: GET, Route: dashboard]
in APPPATH/Views/dashboard/index.php on line 60.
 1 APPPATH/Views/dashboard/index.php(60): CodeIgniter\Debug\Exceptions->errorHandler()
 2 SYSTEMPATH/View/View.php(234): include('/home/oem/pk_development/Rohit_Learning/world/app/Views/dashboard/index.php')
 3 SYSTEMPATH/View/View.php(237): CodeIgniter\View\View->CodeIgniter\View\{closure}()
 4 SYSTEMPATH/Common.php(1171): CodeIgniter\View\View->render()
 5 APPPATH/Controllers/Dashboard.php(9): view()
 6 SYSTEMPATH/CodeIgniter.php(933): App\Controllers\Dashboard->index()
 7 SYSTEMPATH/CodeIgniter.php(509): CodeIgniter\CodeIgniter->runController()
 8 SYSTEMPATH/CodeIgniter.php(355): CodeIgniter\CodeIgniter->handleRequest()
 9 SYSTEMPATH/Boot.php(312): CodeIgniter\CodeIgniter->run()
10 SYSTEMPATH/Boot.php(67): CodeIgniter\Boot::runCodeIgniter()
11 FCPATH/index.php(56): CodeIgniter\Boot::bootWeb()
12 SYSTEMPATH/Commands/Server/rewrite.php(49): require_once('/home/oem/pk_development/Rohit_Learning/world/public/index.php')
CRITICAL - 2024-05-30 10:32:15 --> ErrorException: Undefined variable $status1
[Method: GET, Route: dashboard]
in APPPATH/Views/dashboard/index.php on line 60.
 1 APPPATH/Views/dashboard/index.php(60): CodeIgniter\Debug\Exceptions->errorHandler()
 2 SYSTEMPATH/View/View.php(234): include('/home/oem/pk_development/Rohit_Learning/world/app/Views/dashboard/index.php')
 3 SYSTEMPATH/View/View.php(237): CodeIgniter\View\View->CodeIgniter\View\{closure}()
 4 SYSTEMPATH/Common.php(1171): CodeIgniter\View\View->render()
 5 APPPATH/Controllers/Dashboard.php(9): view()
 6 SYSTEMPATH/CodeIgniter.php(933): App\Controllers\Dashboard->index()
 7 SYSTEMPATH/CodeIgniter.php(509): CodeIgniter\CodeIgniter->runController()
 8 SYSTEMPATH/CodeIgniter.php(355): CodeIgniter\CodeIgniter->handleRequest()
 9 SYSTEMPATH/Boot.php(312): CodeIgniter\CodeIgniter->run()
10 SYSTEMPATH/Boot.php(67): CodeIgniter\Boot::runCodeIgniter()
11 FCPATH/index.php(56): CodeIgniter\Boot::bootWeb()
12 SYSTEMPATH/Commands/Server/rewrite.php(49): require_once('/home/oem/pk_development/Rohit_Learning/world/public/index.php')
CRITICAL - 2024-05-30 10:32:35 --> ErrorException: Undefined variable $status1
[Method: GET, Route: dashboard]
in APPPATH/Views/dashboard/index.php on line 60.
 1 APPPATH/Views/dashboard/index.php(60): CodeIgniter\Debug\Exceptions->errorHandler()
 2 SYSTEMPATH/View/View.php(234): include('/home/oem/pk_development/Rohit_Learning/world/app/Views/dashboard/index.php')
 3 SYSTEMPATH/View/View.php(237): CodeIgniter\View\View->CodeIgniter\View\{closure}()
 4 SYSTEMPATH/Common.php(1171): CodeIgniter\View\View->render()
 5 APPPATH/Controllers/Dashboard.php(9): view()
 6 SYSTEMPATH/CodeIgniter.php(933): App\Controllers\Dashboard->index()
 7 SYSTEMPATH/CodeIgniter.php(509): CodeIgniter\CodeIgniter->runController()
 8 SYSTEMPATH/CodeIgniter.php(355): CodeIgniter\CodeIgniter->handleRequest()
 9 SYSTEMPATH/Boot.php(312): CodeIgniter\CodeIgniter->run()
10 SYSTEMPATH/Boot.php(67): CodeIgniter\Boot::runCodeIgniter()
11 FCPATH/index.php(56): CodeIgniter\Boot::bootWeb()
12 SYSTEMPATH/Commands/Server/rewrite.php(49): require_once('/home/oem/pk_development/Rohit_Learning/world/public/index.php')
CRITICAL - 2024-05-30 10:36:49 --> ErrorException: Array to string conversion
[Method: POST, Route: login]
in APPPATH/Controllers/Auth.php on line 39.
 1 APPPATH/Controllers/Auth.php(39): CodeIgniter\Debug\Exceptions->errorHandler()
 2 SYSTEMPATH/CodeIgniter.php(933): App\Controllers\Auth->processLogin()
 3 SYSTEMPATH/CodeIgniter.php(509): CodeIgniter\CodeIgniter->runController()
 4 SYSTEMPATH/CodeIgniter.php(355): CodeIgniter\CodeIgniter->handleRequest()
 5 SYSTEMPATH/Boot.php(312): CodeIgniter\CodeIgniter->run()
 6 SYSTEMPATH/Boot.php(67): CodeIgniter\Boot::runCodeIgniter()
 7 FCPATH/index.php(56): CodeIgniter\Boot::bootWeb()
 8 SYSTEMPATH/Commands/Server/rewrite.php(49): require_once('/home/oem/pk_development/Rohit_Learning/world/public/index.php')
CRITICAL - 2024-05-30 10:37:50 --> ErrorException: Array to string conversion
[Method: POST, Route: login]
in APPPATH/Controllers/Auth.php on line 39.
 1 APPPATH/Controllers/Auth.php(39): CodeIgniter\Debug\Exceptions->errorHandler()
 2 SYSTEMPATH/CodeIgniter.php(933): App\Controllers\Auth->processLogin()
 3 SYSTEMPATH/CodeIgniter.php(509): CodeIgniter\CodeIgniter->runController()
 4 SYSTEMPATH/CodeIgniter.php(355): CodeIgniter\CodeIgniter->handleRequest()
 5 SYSTEMPATH/Boot.php(312): CodeIgniter\CodeIgniter->run()
 6 SYSTEMPATH/Boot.php(67): CodeIgniter\Boot::runCodeIgniter()
 7 FCPATH/index.php(56): CodeIgniter\Boot::bootWeb()
 8 SYSTEMPATH/Commands/Server/rewrite.php(49): require_once('/home/oem/pk_development/Rohit_Learning/world/public/index.php')
CRITICAL - 2024-05-30 10:42:29 --> ErrorException: Undefined variable $status1
[Method: GET, Route: dashboard]
in APPPATH/Views/dashboard/index.php on line 60.
 1 APPPATH/Views/dashboard/index.php(60): CodeIgniter\Debug\Exceptions->errorHandler()
 2 SYSTEMPATH/View/View.php(234): include('/home/oem/pk_development/Rohit_Learning/world/app/Views/dashboard/index.php')
 3 SYSTEMPATH/View/View.php(237): CodeIgniter\View\View->CodeIgniter\View\{closure}()
 4 SYSTEMPATH/Common.php(1171): CodeIgniter\View\View->render()
 5 APPPATH/Controllers/Dashboard.php(9): view()
 6 SYSTEMPATH/CodeIgniter.php(933): App\Controllers\Dashboard->index()
 7 SYSTEMPATH/CodeIgniter.php(509): CodeIgniter\CodeIgniter->runController()
 8 SYSTEMPATH/CodeIgniter.php(355): CodeIgniter\CodeIgniter->handleRequest()
 9 SYSTEMPATH/Boot.php(312): CodeIgniter\CodeIgniter->run()
10 SYSTEMPATH/Boot.php(67): CodeIgniter\Boot::runCodeIgniter()
11 FCPATH/index.php(56): CodeIgniter\Boot::bootWeb()
12 SYSTEMPATH/Commands/Server/rewrite.php(49): require_once('/home/oem/pk_development/Rohit_Learning/world/public/index.php')
CRITICAL - 2024-05-30 10:54:03 --> ErrorException: Undefined variable $status1
[Method: GET, Route: dashboard]
in APPPATH/Views/dashboard/index.php on line 9.
 1 APPPATH/Views/dashboard/index.php(9): CodeIgniter\Debug\Exceptions->errorHandler()
 2 SYSTEMPATH/View/View.php(234): include('/home/oem/pk_development/Rohit_Learning/world/app/Views/dashboard/index.php')
 3 SYSTEMPATH/View/View.php(237): CodeIgniter\View\View->CodeIgniter\View\{closure}()
 4 SYSTEMPATH/Common.php(1171): CodeIgniter\View\View->render()
 5 APPPATH/Controllers/Dashboard.php(9): view()
 6 SYSTEMPATH/CodeIgniter.php(933): App\Controllers\Dashboard->index()
 7 SYSTEMPATH/CodeIgniter.php(509): CodeIgniter\CodeIgniter->runController()
 8 SYSTEMPATH/CodeIgniter.php(355): CodeIgniter\CodeIgniter->handleRequest()
 9 SYSTEMPATH/Boot.php(312): CodeIgniter\CodeIgniter->run()
10 SYSTEMPATH/Boot.php(67): CodeIgniter\Boot::runCodeIgniter()
11 FCPATH/index.php(56): CodeIgniter\Boot::bootWeb()
12 SYSTEMPATH/Commands/Server/rewrite.php(49): require_once('/home/oem/pk_development/Rohit_Learning/world/public/index.php')
CRITICAL - 2024-05-30 16:53:08 --> ErrorException: Undefined variable $status1
[Method: GET, Route: dashboard]
in APPPATH/Views/dashboard/index.php on line 9.
 1 APPPATH/Views/dashboard/index.php(9): CodeIgniter\Debug\Exceptions->errorHandler()
 2 SYSTEMPATH/View/View.php(234): include('/home/oem/pk_development/Rohit_Learning/world/app/Views/dashboard/index.php')
 3 SYSTEMPATH/View/View.php(237): CodeIgniter\View\View->CodeIgniter\View\{closure}()
 4 SYSTEMPATH/Common.php(1171): CodeIgniter\View\View->render()
 5 APPPATH/Controllers/Dashboard.php(9): view()
 6 SYSTEMPATH/CodeIgniter.php(933): App\Controllers\Dashboard->index()
 7 SYSTEMPATH/CodeIgniter.php(509): CodeIgniter\CodeIgniter->runController()
 8 SYSTEMPATH/CodeIgniter.php(355): CodeIgniter\CodeIgniter->handleRequest()
 9 SYSTEMPATH/Boot.php(312): CodeIgniter\CodeIgniter->run()
10 SYSTEMPATH/Boot.php(67): CodeIgniter\Boot::runCodeIgniter()
11 FCPATH/index.php(56): CodeIgniter\Boot::bootWeb()
12 SYSTEMPATH/Commands/Server/rewrite.php(49): require_once('/home/oem/pk_development/Rohit_Learning/world/public/index.php')
CRITICAL - 2024-05-30 17:56:51 --> CodeIgniter\View\Exceptions\ViewException: Invalid file: "layouts/dashboard.php"
[Method: GET, Route: dashboard]
in SYSTEMPATH/Exceptions/FrameworkException.php on line 41.
 1 SYSTEMPATH/View/View.php(222): CodeIgniter\Exceptions\FrameworkException::forInvalidFile()
 2 SYSTEMPATH/View/View.php(250): CodeIgniter\View\View->render()
 3 SYSTEMPATH/Common.php(1171): CodeIgniter\View\View->render()
 4 APPPATH/Controllers/Dashboard.php(17): view()
 5 SYSTEMPATH/CodeIgniter.php(933): App\Controllers\Dashboard->index()
 6 SYSTEMPATH/CodeIgniter.php(509): CodeIgniter\CodeIgniter->runController()
 7 SYSTEMPATH/CodeIgniter.php(355): CodeIgniter\CodeIgniter->handleRequest()
 8 SYSTEMPATH/Boot.php(312): CodeIgniter\CodeIgniter->run()
 9 SYSTEMPATH/Boot.php(67): CodeIgniter\Boot::runCodeIgniter()
10 FCPATH/index.php(56): CodeIgniter\Boot::bootWeb()
11 SYSTEMPATH/Commands/Server/rewrite.php(49): require_once('/home/oem/pk_development/Rohit_Learning/world/public/index.php')
CRITICAL - 2024-05-30 19:08:23 --> InvalidArgumentException: Missing argument for "(:segment)" in route "edit-dynamic-url/(:segment)".
[Method: GET, Route: user-url]
in SYSTEMPATH/Router/RouteCollection.php on line 1383.
 1 SYSTEMPATH/Router/RouteCollection.php(1204): CodeIgniter\Router\RouteCollection->buildReverseRoute()
 2 SYSTEMPATH/Common.php(953): CodeIgniter\Router\RouteCollection->reverseRoute()
 3 APPPATH/Views/dashboard/url.php(211): route_to()
 4 SYSTEMPATH/View/View.php(234): include('/home/oem/pk_development/Rohit_Learning/world/app/Views/dashboard/url.php')
 5 SYSTEMPATH/View/View.php(237): CodeIgniter\View\View->CodeIgniter\View\{closure}()
 6 SYSTEMPATH/Common.php(1171): CodeIgniter\View\View->render()
 7 APPPATH/Controllers/UserUrl.php(15): view()
 8 SYSTEMPATH/CodeIgniter.php(933): App\Controllers\UserUrl->index()
 9 SYSTEMPATH/CodeIgniter.php(509): CodeIgniter\CodeIgniter->runController()
10 SYSTEMPATH/CodeIgniter.php(355): CodeIgniter\CodeIgniter->handleRequest()
11 SYSTEMPATH/Boot.php(312): CodeIgniter\CodeIgniter->run()
12 SYSTEMPATH/Boot.php(67): CodeIgniter\Boot::runCodeIgniter()
13 FCPATH/index.php(56): CodeIgniter\Boot::bootWeb()
14 SYSTEMPATH/Commands/Server/rewrite.php(49): require_once('/home/oem/pk_development/Rohit_Learning/world/public/index.php')
CRITICAL - 2024-05-30 19:08:24 --> InvalidArgumentException: Missing argument for "(:segment)" in route "edit-dynamic-url/(:segment)".
[Method: GET, Route: user-url]
in SYSTEMPATH/Router/RouteCollection.php on line 1383.
 1 SYSTEMPATH/Router/RouteCollection.php(1204): CodeIgniter\Router\RouteCollection->buildReverseRoute()
 2 SYSTEMPATH/Common.php(953): CodeIgniter\Router\RouteCollection->reverseRoute()
 3 APPPATH/Views/dashboard/url.php(211): route_to()
 4 SYSTEMPATH/View/View.php(234): include('/home/oem/pk_development/Rohit_Learning/world/app/Views/dashboard/url.php')
 5 SYSTEMPATH/View/View.php(237): CodeIgniter\View\View->CodeIgniter\View\{closure}()
 6 SYSTEMPATH/Common.php(1171): CodeIgniter\View\View->render()
 7 APPPATH/Controllers/UserUrl.php(15): view()
 8 SYSTEMPATH/CodeIgniter.php(933): App\Controllers\UserUrl->index()
 9 SYSTEMPATH/CodeIgniter.php(509): CodeIgniter\CodeIgniter->runController()
10 SYSTEMPATH/CodeIgniter.php(355): CodeIgniter\CodeIgniter->handleRequest()
11 SYSTEMPATH/Boot.php(312): CodeIgniter\CodeIgniter->run()
12 SYSTEMPATH/Boot.php(67): CodeIgniter\Boot::runCodeIgniter()
13 FCPATH/index.php(56): CodeIgniter\Boot::bootWeb()
14 SYSTEMPATH/Commands/Server/rewrite.php(49): require_once('/home/oem/pk_development/Rohit_Learning/world/public/index.php')
CRITICAL - 2024-05-30 19:08:25 --> InvalidArgumentException: Missing argument for "(:segment)" in route "edit-dynamic-url/(:segment)".
[Method: GET, Route: user-url]
in SYSTEMPATH/Router/RouteCollection.php on line 1383.
 1 SYSTEMPATH/Router/RouteCollection.php(1204): CodeIgniter\Router\RouteCollection->buildReverseRoute()
 2 SYSTEMPATH/Common.php(953): CodeIgniter\Router\RouteCollection->reverseRoute()
 3 APPPATH/Views/dashboard/url.php(211): route_to()
 4 SYSTEMPATH/View/View.php(234): include('/home/oem/pk_development/Rohit_Learning/world/app/Views/dashboard/url.php')
 5 SYSTEMPATH/View/View.php(237): CodeIgniter\View\View->CodeIgniter\View\{closure}()
 6 SYSTEMPATH/Common.php(1171): CodeIgniter\View\View->render()
 7 APPPATH/Controllers/UserUrl.php(15): view()
 8 SYSTEMPATH/CodeIgniter.php(933): App\Controllers\UserUrl->index()
 9 SYSTEMPATH/CodeIgniter.php(509): CodeIgniter\CodeIgniter->runController()
10 SYSTEMPATH/CodeIgniter.php(355): CodeIgniter\CodeIgniter->handleRequest()
11 SYSTEMPATH/Boot.php(312): CodeIgniter\CodeIgniter->run()
12 SYSTEMPATH/Boot.php(67): CodeIgniter\Boot::runCodeIgniter()
13 FCPATH/index.php(56): CodeIgniter\Boot::bootWeb()
14 SYSTEMPATH/Commands/Server/rewrite.php(49): require_once('/home/oem/pk_development/Rohit_Learning/world/public/index.php')
CRITICAL - 2024-05-30 19:08:37 --> InvalidArgumentException: Missing argument for "(:segment)" in route "edit-dynamic-url/(:segment)".
[Method: GET, Route: user-url]
in SYSTEMPATH/Router/RouteCollection.php on line 1383.
 1 SYSTEMPATH/Router/RouteCollection.php(1204): CodeIgniter\Router\RouteCollection->buildReverseRoute()
 2 SYSTEMPATH/Common.php(953): CodeIgniter\Router\RouteCollection->reverseRoute()
 3 APPPATH/Views/dashboard/url.php(211): route_to()
 4 SYSTEMPATH/View/View.php(234): include('/home/oem/pk_development/Rohit_Learning/world/app/Views/dashboard/url.php')
 5 SYSTEMPATH/View/View.php(237): CodeIgniter\View\View->CodeIgniter\View\{closure}()
 6 SYSTEMPATH/Common.php(1171): CodeIgniter\View\View->render()
 7 APPPATH/Controllers/UserUrl.php(15): view()
 8 SYSTEMPATH/CodeIgniter.php(933): App\Controllers\UserUrl->index()
 9 SYSTEMPATH/CodeIgniter.php(509): CodeIgniter\CodeIgniter->runController()
10 SYSTEMPATH/CodeIgniter.php(355): CodeIgniter\CodeIgniter->handleRequest()
11 SYSTEMPATH/Boot.php(312): CodeIgniter\CodeIgniter->run()
12 SYSTEMPATH/Boot.php(67): CodeIgniter\Boot::runCodeIgniter()
13 FCPATH/index.php(56): CodeIgniter\Boot::bootWeb()
14 SYSTEMPATH/Commands/Server/rewrite.php(49): require_once('/home/oem/pk_development/Rohit_Learning/world/public/index.php')
CRITICAL - 2024-05-30 19:08:37 --> InvalidArgumentException: Missing argument for "(:segment)" in route "edit-dynamic-url/(:segment)".
[Method: GET, Route: user-url]
in SYSTEMPATH/Router/RouteCollection.php on line 1383.
 1 SYSTEMPATH/Router/RouteCollection.php(1204): CodeIgniter\Router\RouteCollection->buildReverseRoute()
 2 SYSTEMPATH/Common.php(953): CodeIgniter\Router\RouteCollection->reverseRoute()
 3 APPPATH/Views/dashboard/url.php(211): route_to()
 4 SYSTEMPATH/View/View.php(234): include('/home/oem/pk_development/Rohit_Learning/world/app/Views/dashboard/url.php')
 5 SYSTEMPATH/View/View.php(237): CodeIgniter\View\View->CodeIgniter\View\{closure}()
 6 SYSTEMPATH/Common.php(1171): CodeIgniter\View\View->render()
 7 APPPATH/Controllers/UserUrl.php(15): view()
 8 SYSTEMPATH/CodeIgniter.php(933): App\Controllers\UserUrl->index()
 9 SYSTEMPATH/CodeIgniter.php(509): CodeIgniter\CodeIgniter->runController()
10 SYSTEMPATH/CodeIgniter.php(355): CodeIgniter\CodeIgniter->handleRequest()
11 SYSTEMPATH/Boot.php(312): CodeIgniter\CodeIgniter->run()
12 SYSTEMPATH/Boot.php(67): CodeIgniter\Boot::runCodeIgniter()
13 FCPATH/index.php(56): CodeIgniter\Boot::bootWeb()
14 SYSTEMPATH/Commands/Server/rewrite.php(49): require_once('/home/oem/pk_development/Rohit_Learning/world/public/index.php')
CRITICAL - 2024-05-30 19:08:38 --> InvalidArgumentException: Missing argument for "(:segment)" in route "edit-dynamic-url/(:segment)".
[Method: GET, Route: user-url]
in SYSTEMPATH/Router/RouteCollection.php on line 1383.
 1 SYSTEMPATH/Router/RouteCollection.php(1204): CodeIgniter\Router\RouteCollection->buildReverseRoute()
 2 SYSTEMPATH/Common.php(953): CodeIgniter\Router\RouteCollection->reverseRoute()
 3 APPPATH/Views/dashboard/url.php(211): route_to()
 4 SYSTEMPATH/View/View.php(234): include('/home/oem/pk_development/Rohit_Learning/world/app/Views/dashboard/url.php')
 5 SYSTEMPATH/View/View.php(237): CodeIgniter\View\View->CodeIgniter\View\{closure}()
 6 SYSTEMPATH/Common.php(1171): CodeIgniter\View\View->render()
 7 APPPATH/Controllers/UserUrl.php(15): view()
 8 SYSTEMPATH/CodeIgniter.php(933): App\Controllers\UserUrl->index()
 9 SYSTEMPATH/CodeIgniter.php(509): CodeIgniter\CodeIgniter->runController()
10 SYSTEMPATH/CodeIgniter.php(355): CodeIgniter\CodeIgniter->handleRequest()
11 SYSTEMPATH/Boot.php(312): CodeIgniter\CodeIgniter->run()
12 SYSTEMPATH/Boot.php(67): CodeIgniter\Boot::runCodeIgniter()
13 FCPATH/index.php(56): CodeIgniter\Boot::bootWeb()
14 SYSTEMPATH/Commands/Server/rewrite.php(49): require_once('/home/oem/pk_development/Rohit_Learning/world/public/index.php')
CRITICAL - 2024-05-30 19:09:07 --> InvalidArgumentException: Missing argument for "(:segment)" in route "edit-dynamic-url/(:segment)".
[Method: GET, Route: user-url]
in SYSTEMPATH/Router/RouteCollection.php on line 1383.
 1 SYSTEMPATH/Router/RouteCollection.php(1204): CodeIgniter\Router\RouteCollection->buildReverseRoute()
 2 SYSTEMPATH/Common.php(953): CodeIgniter\Router\RouteCollection->reverseRoute()
 3 APPPATH/Views/dashboard/url.php(211): route_to()
 4 SYSTEMPATH/View/View.php(234): include('/home/oem/pk_development/Rohit_Learning/world/app/Views/dashboard/url.php')
 5 SYSTEMPATH/View/View.php(237): CodeIgniter\View\View->CodeIgniter\View\{closure}()
 6 SYSTEMPATH/Common.php(1171): CodeIgniter\View\View->render()
 7 APPPATH/Controllers/UserUrl.php(15): view()
 8 SYSTEMPATH/CodeIgniter.php(933): App\Controllers\UserUrl->index()
 9 SYSTEMPATH/CodeIgniter.php(509): CodeIgniter\CodeIgniter->runController()
10 SYSTEMPATH/CodeIgniter.php(355): CodeIgniter\CodeIgniter->handleRequest()
11 SYSTEMPATH/Boot.php(312): CodeIgniter\CodeIgniter->run()
12 SYSTEMPATH/Boot.php(67): CodeIgniter\Boot::runCodeIgniter()
13 FCPATH/index.php(56): CodeIgniter\Boot::bootWeb()
14 SYSTEMPATH/Commands/Server/rewrite.php(49): require_once('/home/oem/pk_development/Rohit_Learning/world/public/index.php')
