ERROR - 2024-05-31 05:44:45 --> mysqli_sql_exception: Column 'user_id' cannot be null in /home/oem/pk_development/Rohit_Learning/world/system/Database/MySQLi/Connection.php:308
Stack trace:
#0 /home/oem/pk_development/Rohit_Learning/world/system/Database/MySQLi/Connection.php(308): mysqli->query()
#1 /home/oem/pk_development/Rohit_Learning/world/system/Database/BaseConnection.php(722): CodeIgniter\Database\MySQLi\Connection->execute()
#2 /home/oem/pk_development/Rohit_Learning/world/system/Database/BaseConnection.php(636): CodeIgniter\Database\BaseConnection->simpleQuery()
#3 /home/oem/pk_development/Rohit_Learning/world/system/Database/BaseBuilder.php(2325): CodeIgniter\Database\BaseConnection->query()
#4 /home/oem/pk_development/Rohit_Learning/world/system/Model.php(383): CodeIgniter\Database\BaseBuilder->insert()
#5 /home/oem/pk_development/Rohit_Learning/world/system/BaseModel.php(840): CodeIgniter\Model->doInsert()
#6 /home/oem/pk_development/Rohit_Learning/world/system/Model.php(791): CodeIgniter\BaseModel->insert()
#7 /home/oem/pk_development/Rohit_Learning/world/app/Controllers/Dashboard.php(18): CodeIgniter\Model->insert()
#8 /home/oem/pk_development/Rohit_Learning/world/system/CodeIgniter.php(933): App\Controllers\Dashboard->index()
#9 /home/oem/pk_development/Rohit_Learning/world/system/CodeIgniter.php(509): CodeIgniter\CodeIgniter->runController()
#10 /home/oem/pk_development/Rohit_Learning/world/system/CodeIgniter.php(355): CodeIgniter\CodeIgniter->handleRequest()
#11 /home/oem/pk_development/Rohit_Learning/world/system/Boot.php(312): CodeIgniter\CodeIgniter->run()
#12 /home/oem/pk_development/Rohit_Learning/world/system/Boot.php(67): CodeIgniter\Boot::runCodeIgniter()
#13 /home/oem/pk_development/Rohit_Learning/world/public/index.php(56): CodeIgniter\Boot::bootWeb()
#14 /home/oem/pk_development/Rohit_Learning/world/system/Commands/Server/rewrite.php(49): require_once('...')
#15 {main}
CRITICAL - 2024-05-31 05:44:45 --> CodeIgniter\Database\Exceptions\DatabaseException: Column 'user_id' cannot be null
[Method: GET, Route: dashboard]
in SYSTEMPATH/Database/BaseConnection.php on line 676.
 1 SYSTEMPATH/Database/BaseBuilder.php(2325): CodeIgniter\Database\BaseConnection->query()
 2 SYSTEMPATH/Model.php(383): CodeIgniter\Database\BaseBuilder->insert()
 3 SYSTEMPATH/BaseModel.php(840): CodeIgniter\Model->doInsert()
 4 SYSTEMPATH/Model.php(791): CodeIgniter\BaseModel->insert()
 5 APPPATH/Controllers/Dashboard.php(18): CodeIgniter\Model->insert()
 6 SYSTEMPATH/CodeIgniter.php(933): App\Controllers\Dashboard->index()
 7 SYSTEMPATH/CodeIgniter.php(509): CodeIgniter\CodeIgniter->runController()
 8 SYSTEMPATH/CodeIgniter.php(355): CodeIgniter\CodeIgniter->handleRequest()
 9 SYSTEMPATH/Boot.php(312): CodeIgniter\CodeIgniter->run()
10 SYSTEMPATH/Boot.php(67): CodeIgniter\Boot::runCodeIgniter()
11 FCPATH/index.php(56): CodeIgniter\Boot::bootWeb()
12 SYSTEMPATH/Commands/Server/rewrite.php(49): require_once('/home/oem/pk_development/Rohit_Learning/world/public/index.php')
CRITICAL - 2024-05-31 05:44:45 --> [Caused by] CodeIgniter\Database\Exceptions\DatabaseException: Column 'user_id' cannot be null
in SYSTEMPATH/Database/MySQLi/Connection.php on line 313.
 1 SYSTEMPATH/Database/BaseConnection.php(722): CodeIgniter\Database\MySQLi\Connection->execute()
 2 SYSTEMPATH/Database/BaseConnection.php(636): CodeIgniter\Database\BaseConnection->simpleQuery()
 3 SYSTEMPATH/Database/BaseBuilder.php(2325): CodeIgniter\Database\BaseConnection->query()
 4 SYSTEMPATH/Model.php(383): CodeIgniter\Database\BaseBuilder->insert()
 5 SYSTEMPATH/BaseModel.php(840): CodeIgniter\Model->doInsert()
 6 SYSTEMPATH/Model.php(791): CodeIgniter\BaseModel->insert()
 7 APPPATH/Controllers/Dashboard.php(18): CodeIgniter\Model->insert()
 8 SYSTEMPATH/CodeIgniter.php(933): App\Controllers\Dashboard->index()
 9 SYSTEMPATH/CodeIgniter.php(509): CodeIgniter\CodeIgniter->runController()
10 SYSTEMPATH/CodeIgniter.php(355): CodeIgniter\CodeIgniter->handleRequest()
11 SYSTEMPATH/Boot.php(312): CodeIgniter\CodeIgniter->run()
12 SYSTEMPATH/Boot.php(67): CodeIgniter\Boot::runCodeIgniter()
13 FCPATH/index.php(56): CodeIgniter\Boot::bootWeb()
14 SYSTEMPATH/Commands/Server/rewrite.php(49): require_once('/home/oem/pk_development/Rohit_Learning/world/public/index.php')
CRITICAL - 2024-05-31 05:44:45 --> [Caused by] mysqli_sql_exception: Column 'user_id' cannot be null
in SYSTEMPATH/Database/MySQLi/Connection.php on line 308.
 1 SYSTEMPATH/Database/MySQLi/Connection.php(308): mysqli->query()
 2 SYSTEMPATH/Database/BaseConnection.php(722): CodeIgniter\Database\MySQLi\Connection->execute()
 3 SYSTEMPATH/Database/BaseConnection.php(636): CodeIgniter\Database\BaseConnection->simpleQuery()
 4 SYSTEMPATH/Database/BaseBuilder.php(2325): CodeIgniter\Database\BaseConnection->query()
 5 SYSTEMPATH/Model.php(383): CodeIgniter\Database\BaseBuilder->insert()
 6 SYSTEMPATH/BaseModel.php(840): CodeIgniter\Model->doInsert()
 7 SYSTEMPATH/Model.php(791): CodeIgniter\BaseModel->insert()
 8 APPPATH/Controllers/Dashboard.php(18): CodeIgniter\Model->insert()
 9 SYSTEMPATH/CodeIgniter.php(933): App\Controllers\Dashboard->index()
10 SYSTEMPATH/CodeIgniter.php(509): CodeIgniter\CodeIgniter->runController()
11 SYSTEMPATH/CodeIgniter.php(355): CodeIgniter\CodeIgniter->handleRequest()
12 SYSTEMPATH/Boot.php(312): CodeIgniter\CodeIgniter->run()
13 SYSTEMPATH/Boot.php(67): CodeIgniter\Boot::runCodeIgniter()
14 FCPATH/index.php(56): CodeIgniter\Boot::bootWeb()
15 SYSTEMPATH/Commands/Server/rewrite.php(49): require_once('/home/oem/pk_development/Rohit_Learning/world/public/index.php')
CRITICAL - 2024-05-31 06:04:25 --> ErrorException: Undefined array key "status_1"
[Method: GET, Route: world/link/test1]
in APPPATH/Views/dashboard/dynamic.php on line 220.
 1 APPPATH/Views/dashboard/dynamic.php(220): CodeIgniter\Debug\Exceptions->errorHandler()
 2 SYSTEMPATH/View/View.php(234): include('/home/oem/pk_development/Rohit_Learning/world/app/Views/dashboard/dynamic.php')
 3 SYSTEMPATH/View/View.php(237): CodeIgniter\View\View->CodeIgniter\View\{closure}()
 4 SYSTEMPATH/Common.php(1171): CodeIgniter\View\View->render()
 5 APPPATH/Controllers/DynamicController.php(18): view()
 6 SYSTEMPATH/CodeIgniter.php(933): App\Controllers\DynamicController->showDynamic()
 7 SYSTEMPATH/CodeIgniter.php(509): CodeIgniter\CodeIgniter->runController()
 8 SYSTEMPATH/CodeIgniter.php(355): CodeIgniter\CodeIgniter->handleRequest()
 9 SYSTEMPATH/Boot.php(312): CodeIgniter\CodeIgniter->run()
10 SYSTEMPATH/Boot.php(67): CodeIgniter\Boot::runCodeIgniter()
11 FCPATH/index.php(56): CodeIgniter\Boot::bootWeb()
12 SYSTEMPATH/Commands/Server/rewrite.php(49): require_once('/home/oem/pk_development/Rohit_Learning/world/public/index.php')
CRITICAL - 2024-05-31 06:04:27 --> ErrorException: Undefined array key "status_1"
[Method: GET, Route: world/link/test1]
in APPPATH/Views/dashboard/dynamic.php on line 220.
 1 APPPATH/Views/dashboard/dynamic.php(220): CodeIgniter\Debug\Exceptions->errorHandler()
 2 SYSTEMPATH/View/View.php(234): include('/home/oem/pk_development/Rohit_Learning/world/app/Views/dashboard/dynamic.php')
 3 SYSTEMPATH/View/View.php(237): CodeIgniter\View\View->CodeIgniter\View\{closure}()
 4 SYSTEMPATH/Common.php(1171): CodeIgniter\View\View->render()
 5 APPPATH/Controllers/DynamicController.php(18): view()
 6 SYSTEMPATH/CodeIgniter.php(933): App\Controllers\DynamicController->showDynamic()
 7 SYSTEMPATH/CodeIgniter.php(509): CodeIgniter\CodeIgniter->runController()
 8 SYSTEMPATH/CodeIgniter.php(355): CodeIgniter\CodeIgniter->handleRequest()
 9 SYSTEMPATH/Boot.php(312): CodeIgniter\CodeIgniter->run()
10 SYSTEMPATH/Boot.php(67): CodeIgniter\Boot::runCodeIgniter()
11 FCPATH/index.php(56): CodeIgniter\Boot::bootWeb()
12 SYSTEMPATH/Commands/Server/rewrite.php(49): require_once('/home/oem/pk_development/Rohit_Learning/world/public/index.php')
CRITICAL - 2024-05-31 06:04:47 --> ErrorException: Undefined array key "status_1"
[Method: GET, Route: world/link/test1]
in APPPATH/Views/dashboard/dynamic.php on line 220.
 1 APPPATH/Views/dashboard/dynamic.php(220): CodeIgniter\Debug\Exceptions->errorHandler()
 2 SYSTEMPATH/View/View.php(234): include('/home/oem/pk_development/Rohit_Learning/world/app/Views/dashboard/dynamic.php')
 3 SYSTEMPATH/View/View.php(237): CodeIgniter\View\View->CodeIgniter\View\{closure}()
 4 SYSTEMPATH/Common.php(1171): CodeIgniter\View\View->render()
 5 APPPATH/Controllers/DynamicController.php(18): view()
 6 SYSTEMPATH/CodeIgniter.php(933): App\Controllers\DynamicController->showDynamic()
 7 SYSTEMPATH/CodeIgniter.php(509): CodeIgniter\CodeIgniter->runController()
 8 SYSTEMPATH/CodeIgniter.php(355): CodeIgniter\CodeIgniter->handleRequest()
 9 SYSTEMPATH/Boot.php(312): CodeIgniter\CodeIgniter->run()
10 SYSTEMPATH/Boot.php(67): CodeIgniter\Boot::runCodeIgniter()
11 FCPATH/index.php(56): CodeIgniter\Boot::bootWeb()
12 SYSTEMPATH/Commands/Server/rewrite.php(49): require_once('/home/oem/pk_development/Rohit_Learning/world/public/index.php')
